[2022/05/21 21:38:39.230] - Starting server with initial configuration: {"gasLimit":6721975,"gasPrice":20000000000,"hardfork":"muirGlacier","hostname":"127.0.0.1","port":7545,"network_id":5777,"default_balance_ether":100,"total_accounts":10,"unlocked_accounts":[],"locked":false,"vmErrorsOnRPCResponse":true,"verbose":false,"db_path":"C:\\Users\\PC\\AppData\\Roaming\\Ganache\\workspaces\\malicious-effect\\chaindata","logDirectory":"E:\\Đồ án tốt nghiệp\\blockchain-based-authentication-main\\Log"}
[2022/05/21 21:38:39.848] - eth_getCode
[2022/05/21 21:38:39.849] - eth_subscribe
[2022/05/21 21:38:39.850] - eth_getLogs
[2022/05/21 21:38:39.852] - eth_subscribe
[2022/05/21 21:38:39.860] - eth_getCode
[2022/05/21 21:38:39.916] - eth_getCode
[2022/05/21 21:38:40.082] - eth_getCode
[2022/05/21 21:38:40.156] - eth_getCode
[2022/05/21 21:38:40.169] - eth_getCode
[2022/05/21 21:38:40.229] - eth_getCode
[2022/05/21 21:38:41.268] - eth_subscribe
[2022/05/21 21:38:41.269] - eth_getLogs
[2022/05/21 21:38:41.270] - eth_subscribe
[2022/05/21 21:38:41.271] - eth_getCode
[2022/05/21 21:38:41.331] - eth_getCode
[2022/05/21 21:38:45.155] - eth_blockNumber
[2022/05/21 21:38:45.156] - eth_accounts
[2022/05/21 21:38:45.157] - eth_blockNumber
[2022/05/21 21:38:45.157] - eth_gasPrice
[2022/05/21 21:38:45.158] - eth_accounts
[2022/05/21 21:38:45.159] - eth_getBlockByNumber
[2022/05/21 21:38:45.160] - eth_gasPrice
[2022/05/21 21:38:45.160] - eth_subscribe
[2022/05/21 21:38:45.161] - eth_getBlockByNumber
[2022/05/21 21:38:45.162] - eth_subscribe
[2022/05/21 21:38:45.654] - eth_accounts
[2022/05/21 21:38:46.894] - eth_getBalance
[2022/05/21 21:38:47.049] - eth_getTransactionCount
[2022/05/21 21:38:47.171] - eth_getBalance
[2022/05/21 21:38:47.306] - eth_getTransactionCount
[2022/05/21 21:38:47.416] - eth_getBalance
[2022/05/21 21:38:47.529] - eth_getTransactionCount
[2022/05/21 21:38:47.645] - eth_getBalance
[2022/05/21 21:38:47.778] - eth_getTransactionCount
[2022/05/21 21:38:47.982] - eth_getBalance
[2022/05/21 21:38:48.115] - eth_getTransactionCount
[2022/05/21 21:38:48.240] - eth_getBalance
[2022/05/21 21:38:48.365] - eth_getTransactionCount
[2022/05/21 21:38:48.502] - eth_getBalance
[2022/05/21 21:38:48.628] - eth_getTransactionCount
[2022/05/21 21:38:48.758] - eth_getBalance
[2022/05/21 21:38:48.897] - eth_getTransactionCount
[2022/05/21 21:38:49.040] - eth_getBalance
[2022/05/21 21:38:49.179] - eth_getTransactionCount
[2022/05/21 21:38:49.301] - eth_getBalance
[2022/05/21 21:38:49.407] - eth_getTransactionCount
[2022/05/21 21:38:49.790] - eth_getBalance
[2022/05/21 21:38:49.900] - eth_getTransactionCount
[2022/05/21 21:38:50.022] - eth_getBalance
[2022/05/21 21:38:50.211] - eth_getTransactionCount
[2022/05/21 21:38:50.353] - eth_getBalance
[2022/05/21 21:38:50.471] - eth_getTransactionCount
[2022/05/21 21:38:50.608] - eth_getBalance
[2022/05/21 21:38:50.725] - eth_getTransactionCount
[2022/05/21 21:38:50.875] - eth_getBalance
[2022/05/21 21:38:50.997] - eth_getTransactionCount
[2022/05/21 21:38:51.112] - eth_getBalance
[2022/05/21 21:38:51.272] - eth_getTransactionCount
[2022/05/21 21:38:51.399] - eth_getBalance
[2022/05/21 21:38:51.510] - eth_getTransactionCount
[2022/05/21 21:38:51.678] - eth_getBalance
[2022/05/21 21:38:51.805] - eth_getTransactionCount
[2022/05/21 21:38:51.949] - eth_getBalance
[2022/05/21 21:38:52.092] - eth_getTransactionCount
[2022/05/21 21:38:52.223] - eth_getBalance
[2022/05/21 21:38:52.395] - eth_getTransactionCount
[2022/05/21 21:38:52.577] - eth_getBalance
[2022/05/21 21:38:52.765] - eth_getTransactionCount
[2022/05/21 21:38:52.941] - eth_getBalance
[2022/05/21 21:38:53.065] - eth_getTransactionCount
[2022/05/21 21:38:53.218] - eth_getBalance
[2022/05/21 21:38:53.385] - eth_getTransactionCount
[2022/05/21 21:38:53.528] - eth_getBalance
[2022/05/21 21:38:53.728] - eth_getTransactionCount
[2022/05/21 21:38:53.869] - eth_getBalance
[2022/05/21 21:38:54.018] - eth_getTransactionCount
[2022/05/21 21:38:54.166] - eth_getBalance
[2022/05/21 21:38:54.309] - eth_getTransactionCount
[2022/05/21 21:38:54.433] - eth_getBalance
[2022/05/21 21:38:54.547] - eth_getTransactionCount
[2022/05/21 21:38:54.701] - eth_getBalance
[2022/05/21 21:38:54.876] - eth_getTransactionCount
[2022/05/21 21:38:55.146] - eth_getBalance
[2022/05/21 21:38:55.326] - eth_getTransactionCount
[2022/05/21 21:38:55.543] - eth_getBalance
[2022/05/21 21:38:55.696] - eth_getTransactionCount
[2022/05/21 21:38:56.116] - eth_getBlockByNumber
[2022/05/21 21:38:58.037] - eth_getBalance
[2022/05/21 21:38:58.179] - eth_getTransactionCount
[2022/05/21 21:38:58.323] - eth_getBalance
[2022/05/21 21:38:58.482] - eth_getTransactionCount
[2022/05/21 21:38:58.615] - eth_getBalance
[2022/05/21 21:38:58.738] - eth_getTransactionCount
[2022/05/21 21:38:58.964] - eth_getBalance
[2022/05/21 21:38:59.119] - eth_getTransactionCount
[2022/05/21 21:38:59.265] - eth_getBalance
[2022/05/21 21:38:59.471] - eth_getTransactionCount
[2022/05/21 21:38:59.617] - eth_getBalance
[2022/05/21 21:38:59.835] - eth_getTransactionCount
[2022/05/21 21:39:00.123] - eth_getBalance
[2022/05/21 21:39:00.314] - eth_getTransactionCount
[2022/05/21 21:39:00.494] - eth_getBalance
[2022/05/21 21:39:00.703] - eth_getTransactionCount
[2022/05/21 21:39:00.851] - eth_getBalance
[2022/05/21 21:39:01.018] - eth_getTransactionCount
[2022/05/21 21:39:01.177] - eth_getBalance
[2022/05/21 21:39:01.307] - eth_getTransactionCount
[2022/05/21 21:39:04.846] - net_version
[2022/05/21 21:39:04.985] - net_version
[2022/05/21 21:39:05.145] - net_version
[2022/05/21 21:39:26.236] - eth_getBlockTransactionCountByHash
[2022/05/21 21:39:32.858] - eth_getBlockByNumber
[2022/05/21 21:39:33.406] - eth_getBlockTransactionCountByHash
[2022/05/21 21:39:34.225] - eth_getBlockByNumber
[2022/05/21 21:39:34.825] - eth_getBlockTransactionCountByHash
[2022/05/21 21:39:35.394] - eth_getBlockByNumber
[2022/05/21 21:39:35.824] - eth_getBlockTransactionCountByHash
[2022/05/21 21:39:36.192] - eth_getBlockByNumber
[2022/05/21 21:39:36.584] - eth_getBlockTransactionCountByHash
[2022/05/21 21:39:36.944] - eth_getBlockByNumber
[2022/05/21 21:39:37.301] - eth_getBlockTransactionCountByHash
[2022/05/21 21:41:13.534] - eth_getBlockByNumber
[2022/05/21 21:41:15.870] - eth_getTransactionReceipt
[2022/05/21 21:41:16.427] - eth_getBlockByNumber
[2022/05/21 21:41:16.785] - eth_getTransactionReceipt
[2022/05/21 21:41:17.135] - eth_getBlockByNumber
[2022/05/21 21:41:17.394] - eth_getTransactionReceipt
[2022/05/21 21:41:17.736] - eth_getBlockByNumber
[2022/05/21 21:41:18.051] - eth_getTransactionReceipt
[2022/05/21 21:41:18.500] - eth_getBlockByNumber
[2022/05/21 21:41:18.797] - eth_getTransactionReceipt
[2022/05/21 21:41:19.137] - eth_getBlockByNumber
[2022/05/21 21:50:54.924] - eth_getBalance
[2022/05/21 21:50:55.699] - net_version
[2022/05/21 21:50:55.723] - eth_getCode
[2022/05/21 21:50:55.730] - eth_getBlockByNumber
[2022/05/21 21:50:55.753] - eth_getBalance
[2022/05/21 21:50:55.761] - eth_getTransactionCount
[2022/05/21 21:50:55.786] - eth_getStorageAt
[2022/05/21 21:51:29.633] - net_version
[2022/05/21 21:51:29.751] - net_version
[2022/05/21 21:51:30.241] - net_version
[2022/05/21 21:51:34.668] - net_version
[2022/05/21 21:51:34.710] - net_version
[2022/05/21 21:51:34.821] - net_version
[2022/05/21 21:51:39.655] - eth_blockNumber
[2022/05/21 21:51:39.763] - eth_getBlockByNumber
[2022/05/21 21:51:41.836] - eth_blockNumber
[2022/05/21 21:51:41.842] - net_version
[2022/05/21 21:51:41.857] - eth_getBlockByNumber
[2022/05/21 21:51:43.817] - eth_blockNumber
[2022/05/21 21:51:43.822] - net_version
[2022/05/21 21:51:43.832] - eth_getBlockByNumber
[2022/05/21 21:51:55.651] - eth_blockNumber
[2022/05/21 21:51:55.657] - eth_getBalance
[2022/05/21 21:51:55.663] - eth_getBalance
[2022/05/21 21:51:55.665] - eth_getBalance
[2022/05/21 21:51:55.666] - eth_getBalance
[2022/05/21 21:51:55.685] - eth_getBalance
[2022/05/21 21:51:55.686] - eth_getBalance
[2022/05/21 21:51:55.687] - eth_getBalance
[2022/05/21 21:51:55.693] - eth_getBalance
[2022/05/21 21:51:55.707] - eth_getBalance
[2022/05/21 21:51:55.710] - eth_getBalance
[2022/05/21 21:51:56.396] - eth_gasPrice
[2022/05/21 21:52:11.729] - eth_getTransactionByHash
[2022/05/21 21:52:11.895] - net_version
[2022/05/21 21:52:11.912] - eth_getCode
[2022/05/21 21:52:16.661] - eth_blockNumber
[2022/05/21 21:52:28.121] - net_version
[2022/05/21 21:52:28.182] - net_version
[2022/05/21 21:52:28.274] - net_version
[2022/05/21 21:52:28.428] - eth_call
[2022/05/21 21:52:46.669] - eth_blockNumber
[2022/05/21 21:52:53.451] - eth_getLogs
[2022/05/21 21:53:16.670] - eth_blockNumber
[2022/05/21 21:53:29.206] - eth_unsubscribe
[2022/05/21 21:53:29.207] - eth_unsubscribe
