[2022/05/22 09:58:06.429] - Starting server with initial configuration: {"gasLimit":6721975,"gasPrice":20000000000,"hardfork":"muirGlacier","hostname":"127.0.0.1","port":7545,"network_id":5777,"default_balance_ether":100,"total_accounts":10,"unlocked_accounts":[],"locked":false,"vmErrorsOnRPCResponse":true,"verbose":false,"db_path":"C:\\Users\\PC\\AppData\\Roaming\\Ganache\\workspaces\\malicious-effect\\chaindata","logDirectory":"E:\\Đồ án tốt nghiệp\\blockchain-based-authentication-main\\Log"}
[2022/05/22 09:58:06.730] - eth_getCode
[2022/05/22 09:58:06.733] - eth_subscribe
[2022/05/22 09:58:06.734] - eth_getLogs
[2022/05/22 09:58:06.739] - eth_subscribe
[2022/05/22 09:58:06.796] - eth_getCode
[2022/05/22 09:58:06.902] - eth_getCode
[2022/05/22 09:58:06.903] - eth_subscribe
[2022/05/22 09:58:06.904] - eth_getLogs
[2022/05/22 09:58:06.909] - eth_subscribe
[2022/05/22 09:58:06.910] - eth_getCode
[2022/05/22 09:58:06.916] - eth_getCode
[2022/05/22 09:58:06.958] - eth_getCode
[2022/05/22 09:58:07.181] - eth_blockNumber
[2022/05/22 09:58:07.182] - eth_accounts
[2022/05/22 09:58:07.183] - eth_gasPrice
[2022/05/22 09:58:07.185] - eth_blockNumber
[2022/05/22 09:58:07.185] - eth_getBlockByNumber
[2022/05/22 09:58:07.187] - eth_accounts
[2022/05/22 09:58:07.189] - eth_subscribe
[2022/05/22 09:58:07.191] - eth_gasPrice
[2022/05/22 09:58:07.193] - eth_getBlockByNumber
[2022/05/22 09:58:07.193] - eth_subscribe
[2022/05/22 09:58:07.221] - eth_accounts
[2022/05/22 09:58:07.344] - eth_getBalance
[2022/05/22 09:58:07.357] - eth_getTransactionCount
[2022/05/22 09:58:07.365] - eth_getBalance
[2022/05/22 09:58:07.384] - eth_getTransactionCount
[2022/05/22 09:58:07.394] - eth_getBalance
[2022/05/22 09:58:07.407] - eth_getTransactionCount
[2022/05/22 09:58:07.416] - eth_getBalance
[2022/05/22 09:58:07.434] - eth_getTransactionCount
[2022/05/22 09:58:07.447] - eth_getBalance
[2022/05/22 09:58:07.457] - eth_getTransactionCount
[2022/05/22 09:58:07.465] - eth_getBalance
[2022/05/22 09:58:07.475] - eth_getTransactionCount
[2022/05/22 09:58:07.490] - eth_getBalance
[2022/05/22 09:58:07.502] - eth_getTransactionCount
[2022/05/22 09:58:07.515] - eth_getBalance
[2022/05/22 09:58:07.521] - eth_getTransactionCount
[2022/05/22 09:58:07.535] - eth_getBalance
[2022/05/22 09:58:07.545] - eth_getTransactionCount
[2022/05/22 09:58:07.556] - eth_getBalance
[2022/05/22 09:58:07.562] - eth_getTransactionCount
[2022/05/22 09:58:07.592] - eth_getBalance
[2022/05/22 09:58:07.615] - eth_getTransactionCount
[2022/05/22 09:58:07.624] - eth_getBalance
[2022/05/22 09:58:07.633] - eth_getTransactionCount
[2022/05/22 09:58:07.643] - eth_getBalance
[2022/05/22 09:58:07.653] - eth_getTransactionCount
[2022/05/22 09:58:07.662] - eth_getBalance
[2022/05/22 09:58:07.669] - eth_getTransactionCount
[2022/05/22 09:58:07.679] - eth_getBalance
[2022/05/22 09:58:07.696] - eth_getTransactionCount
[2022/05/22 09:58:07.707] - eth_getBalance
[2022/05/22 09:58:07.715] - eth_getTransactionCount
[2022/05/22 09:58:07.730] - eth_getBalance
[2022/05/22 09:58:07.742] - eth_getTransactionCount
[2022/05/22 09:58:07.754] - eth_getBalance
[2022/05/22 09:58:07.761] - eth_getTransactionCount
[2022/05/22 09:58:07.770] - eth_getBalance
[2022/05/22 09:58:07.778] - eth_getTransactionCount
[2022/05/22 09:58:07.785] - eth_getBalance
[2022/05/22 09:58:07.793] - eth_getTransactionCount
[2022/05/22 09:58:07.801] - eth_getBalance
[2022/05/22 09:58:07.812] - eth_getTransactionCount
[2022/05/22 09:58:07.817] - eth_getBalance
[2022/05/22 09:58:07.825] - eth_getTransactionCount
[2022/05/22 09:58:07.836] - eth_getBalance
[2022/05/22 09:58:07.843] - eth_getTransactionCount
[2022/05/22 09:58:07.850] - eth_getBalance
[2022/05/22 09:58:07.855] - eth_getTransactionCount
[2022/05/22 09:58:07.864] - eth_getBalance
[2022/05/22 09:58:07.870] - eth_getTransactionCount
[2022/05/22 09:58:07.882] - eth_getBalance
[2022/05/22 09:58:07.887] - eth_getTransactionCount
[2022/05/22 09:58:07.900] - eth_getBalance
[2022/05/22 09:58:07.913] - eth_getTransactionCount
[2022/05/22 09:58:07.919] - eth_getBalance
[2022/05/22 09:58:07.930] - eth_getTransactionCount
[2022/05/22 09:58:07.937] - eth_getBalance
[2022/05/22 09:58:07.945] - eth_getTransactionCount
[2022/05/22 09:58:07.952] - eth_getBalance
[2022/05/22 09:58:07.992] - eth_getTransactionCount
[2022/05/22 09:58:08.155] - eth_getTransactionCount
[2022/05/22 09:58:08.167] - eth_getBalance
[2022/05/22 09:58:08.180] - eth_getTransactionCount
[2022/05/22 09:58:08.194] - eth_getBalance
[2022/05/22 09:58:08.202] - eth_getTransactionCount
[2022/05/22 09:58:08.212] - eth_getBalance
[2022/05/22 09:58:08.221] - eth_getTransactionCount
[2022/05/22 09:58:08.230] - eth_getBalance
[2022/05/22 09:58:08.240] - eth_getTransactionCount
[2022/05/22 09:58:08.251] - eth_getBalance
[2022/05/22 09:58:08.259] - eth_getTransactionCount
[2022/05/22 09:58:08.269] - eth_getBalance
[2022/05/22 09:58:08.285] - eth_getTransactionCount
[2022/05/22 09:58:08.300] - eth_getBalance
[2022/05/22 09:58:08.306] - eth_getTransactionCount
[2022/05/22 09:58:08.320] - eth_getBalance
[2022/05/22 09:58:08.333] - eth_getTransactionCount
[2022/05/22 09:58:50.009] - eth_getBlockByNumber
[2022/05/22 09:58:50.103] - eth_getBlockTransactionCountByHash
[2022/05/22 09:58:50.163] - eth_blockNumber
[2022/05/22 09:58:50.199] - eth_getBlockByNumber
[2022/05/22 09:58:50.275] - net_version
[2022/05/22 09:58:50.278] - net_version
[2022/05/22 09:58:50.343] - eth_getBlockTransactionCountByHash
[2022/05/22 09:58:50.482] - eth_getBlockByNumber
[2022/05/22 09:58:50.681] - eth_getBlockByNumber
[2022/05/22 09:58:50.881] - eth_getBlockTransactionCountByHash
[2022/05/22 09:58:50.909] - eth_getTransactionReceipt
[2022/05/22 09:58:50.992] - eth_getBlockByNumber
[2022/05/22 09:58:51.103] - eth_getBlockByNumber
[2022/05/22 09:58:51.161] - eth_getBlockTransactionCountByHash
[2022/05/22 09:58:51.226] - eth_getTransactionReceipt
[2022/05/22 09:58:51.289] - eth_getBlockByNumber
[2022/05/22 09:58:51.355] - eth_getBlockByNumber
[2022/05/22 09:58:51.394] - eth_getBlockTransactionCountByHash
[2022/05/22 09:58:51.470] - eth_getTransactionReceipt
[2022/05/22 09:58:51.680] - eth_getBlockByNumber
[2022/05/22 09:58:51.727] - eth_getBlockByNumber
[2022/05/22 09:58:51.978] - eth_getBlockTransactionCountByHash
[2022/05/22 09:58:52.018] - eth_getTransactionReceipt
[2022/05/22 09:58:52.572] - eth_getBlockByNumber
[2022/05/22 09:58:52.668] - eth_getTransactionReceipt
[2022/05/22 09:58:52.811] - eth_getBlockByNumber
[2022/05/22 09:59:17.370] - net_version
[2022/05/22 09:59:47.102] - eth_blockNumber
[2022/05/22 09:59:47.124] - eth_call
[2022/05/22 10:00:03.219] - net_version
[2022/05/22 10:00:15.395] - eth_getTransactionByHash
[2022/05/22 10:00:34.626] - eth_blockNumber
[2022/05/22 10:00:38.785] - net_version
[2022/05/22 10:00:41.890] - eth_blockNumber
[2022/05/22 10:00:53.597] - eth_blockNumber
[2022/05/22 10:00:53.603] - eth_getBalance
[2022/05/22 10:00:53.610] - eth_getBalance
[2022/05/22 10:00:53.612] - eth_getBalance
[2022/05/22 10:00:53.613] - eth_getBalance
[2022/05/22 10:00:53.620] - eth_getBalance
[2022/05/22 10:00:53.621] - eth_getBalance
[2022/05/22 10:00:53.622] - eth_getBalance
[2022/05/22 10:00:53.624] - eth_getBalance
[2022/05/22 10:00:53.637] - eth_getBalance
[2022/05/22 10:00:53.639] - eth_getBalance
[2022/05/22 10:00:54.161] - eth_gasPrice
[2022/05/22 10:00:54.650] - eth_blockNumber
[2022/05/22 10:01:15.828] - eth_call
[2022/05/22 10:01:29.179] - eth_blockNumber
[2022/05/22 10:01:46.409] - eth_blockNumber
[2022/05/22 10:01:47.718] - eth_call
[2022/05/22 10:02:04.494] - eth_getBalance
[2022/05/22 10:02:04.532] - eth_getTransactionByHash
[2022/05/22 10:02:04.618] - net_version
[2022/05/22 10:02:04.638] - eth_getCode
[2022/05/22 10:02:04.651] - eth_getBlockByNumber
[2022/05/22 10:02:04.670] - eth_getBalance
[2022/05/22 10:02:04.682] - eth_getTransactionCount
[2022/05/22 10:02:04.706] - eth_getStorageAt
[2022/05/22 10:02:04.732] - eth_getStorageAt
[2022/05/22 10:02:10.753] - eth_getLogs
[2022/05/22 10:02:45.447] - eth_blockNumber
[2022/05/22 10:02:51.636] - eth_blockNumber
[2022/05/22 10:03:09.631] - eth_blockNumber
[2022/05/22 10:09:59.155] - net_version
[2022/05/22 10:10:42.440] - eth_blockNumber
[2022/05/22 10:10:44.049] - eth_blockNumber
[2022/05/22 10:11:21.319] - eth_blockNumber
[2022/05/22 10:11:23.043] - eth_blockNumber
[2022/05/22 10:11:57.390] - net_version
[2022/05/22 10:12:06.594] - net_version
[2022/05/22 10:12:30.973] - net_version
[2022/05/22 10:12:36.861] - net_version
[2022/05/22 10:12:40.623] - net_version
[2022/05/22 10:12:57.384] - net_version
[2022/05/22 10:13:00.514] - net_version
[2022/05/22 10:13:06.923] - net_version
[2022/05/22 10:13:11.865] - net_version
[2022/05/22 10:13:16.014] - net_version
[2022/05/22 10:13:19.705] - net_version
[2022/05/22 10:13:43.276] - net_version
[2022/05/22 10:15:21.219] - net_version
[2022/05/22 10:15:32.743] - net_version
[2022/05/22 10:15:34.135] - net_version
[2022/05/22 10:15:41.627] - net_version
[2022/05/22 10:15:50.857] - eth_blockNumber
[2022/05/22 10:15:52.575] - eth_blockNumber
[2022/05/22 10:16:30.385] - net_version
[2022/05/22 10:17:00.112] - net_version
[2022/05/22 10:17:48.310] - net_version
[2022/05/22 10:18:10.570] - net_version
[2022/05/22 10:18:19.291] - net_version
[2022/05/22 10:18:21.355] - net_version
[2022/05/22 10:18:27.440] - net_version
[2022/05/22 10:18:30.908] - net_version
[2022/05/22 10:18:33.763] - net_version
[2022/05/22 10:18:41.165] - net_version
[2022/05/22 10:20:04.901] - net_version
[2022/05/22 10:20:12.699] - net_version
[2022/05/22 10:20:19.166] - net_version
[2022/05/22 10:20:22.608] - net_version
[2022/05/22 10:20:55.139] - net_version
[2022/05/22 10:20:59.758] - net_version
[2022/05/22 10:21:09.219] - eth_blockNumber
[2022/05/22 10:21:10.848] - eth_blockNumber
[2022/05/22 10:21:32.805] - net_version
[2022/05/22 10:21:37.417] - net_version
[2022/05/22 10:22:02.643] - net_version
[2022/05/22 10:22:26.765] - net_version
[2022/05/22 10:22:31.932] - net_version
[2022/05/22 10:24:16.094] - net_version
[2022/05/22 10:24:31.212] - net_version
[2022/05/22 10:24:48.270] - net_version
[2022/05/22 10:24:53.665] - net_version
[2022/05/22 10:25:06.144] - eth_blockNumber
[2022/05/22 10:25:07.997] - eth_blockNumber
[2022/05/22 10:25:33.813] - net_version
[2022/05/22 10:25:56.258] - eth_blockNumber
[2022/05/22 10:25:58.012] - eth_blockNumber
[2022/05/22 10:27:28.337] - net_version
[2022/05/22 10:27:59.696] - net_version
[2022/05/22 10:28:05.560] - net_version
[2022/05/22 10:28:06.686] - net_version
[2022/05/22 10:28:06.911] - net_version
[2022/05/22 10:28:07.404] - net_version
[2022/05/22 10:29:39.634] - net_version
[2022/05/22 10:29:43.930] - net_version
[2022/05/22 10:29:54.040] - net_version
[2022/05/22 10:30:10.399] - net_version
[2022/05/22 10:35:14.983] - net_version
[2022/05/22 10:35:18.982] - eth_blockNumber
[2022/05/22 10:35:19.086] - eth_getBlockByNumber
[2022/05/22 10:35:21.626] - eth_blockNumber
[2022/05/22 10:35:35.716] - net_version
[2022/05/22 10:44:12.566] - net_version
[2022/05/22 10:44:27.881] - net_version
[2022/05/22 10:44:36.094] - net_version
[2022/05/22 10:44:41.808] - net_version
[2022/05/22 10:44:51.165] - net_version
[2022/05/22 10:44:58.944] - net_version
[2022/05/22 11:10:02.169] - net_version
[2022/05/22 11:10:31.756] - eth_blockNumber
[2022/05/22 11:10:51.804] - eth_blockNumber
[2022/05/22 11:12:43.245] - eth_blockNumber
[2022/05/22 11:12:43.250] - net_version
[2022/05/22 11:12:43.259] - eth_getBalance
[2022/05/22 11:12:43.260] - eth_getBalance
[2022/05/22 11:12:43.262] - eth_getBalance
[2022/05/22 11:12:43.268] - eth_getBalance
[2022/05/22 11:12:43.272] - eth_getBalance
[2022/05/22 11:12:43.274] - eth_getBalance
[2022/05/22 11:12:43.274] - eth_getBalance
[2022/05/22 11:12:43.275] - eth_getBalance
[2022/05/22 11:12:43.295] - eth_getBalance
[2022/05/22 11:12:43.297] - eth_getBalance
[2022/05/22 11:12:43.303] - eth_getBlockByNumber
[2022/05/22 11:12:43.683] - eth_gasPrice
[2022/05/22 11:13:59.438] - eth_blockNumber
[2022/05/22 11:14:19.491] - eth_blockNumber
[2022/05/22 11:14:26.722] - eth_getBalance
[2022/05/22 11:14:26.723] - eth_getBalance
[2022/05/22 11:14:26.737] - eth_getBalance
[2022/05/22 11:14:26.739] - eth_getBalance
[2022/05/22 11:14:26.740] - eth_getBalance
[2022/05/22 11:14:36.102] - eth_blockNumber
[2022/05/22 11:14:36.108] - net_version
[2022/05/22 11:14:36.116] - eth_getBalance
[2022/05/22 11:14:36.117] - eth_getBalance
[2022/05/22 11:14:36.123] - eth_getBalance
[2022/05/22 11:14:36.124] - eth_getBalance
[2022/05/22 11:14:36.125] - eth_getBalance
[2022/05/22 11:14:36.126] - eth_getBalance
[2022/05/22 11:14:36.127] - eth_getBalance
[2022/05/22 11:14:36.129] - eth_getBalance
[2022/05/22 11:14:36.130] - eth_getBalance
[2022/05/22 11:14:36.137] - eth_getBalance
[2022/05/22 11:14:36.138] - eth_getBalance
[2022/05/22 11:14:36.148] - eth_getBlockByNumber
[2022/05/22 11:14:42.599] - eth_blockNumber
[2022/05/22 11:14:42.604] - net_version
[2022/05/22 11:14:42.610] - eth_getBalance
[2022/05/22 11:14:42.611] - eth_getBalance
[2022/05/22 11:14:42.615] - eth_getBalance
[2022/05/22 11:14:42.616] - eth_getBalance
[2022/05/22 11:14:42.620] - eth_getBalance
[2022/05/22 11:14:42.628] - eth_getBalance
[2022/05/22 11:14:42.637] - eth_getBalance
[2022/05/22 11:14:42.638] - eth_getBalance
[2022/05/22 11:14:42.638] - eth_getBalance
[2022/05/22 11:14:42.645] - eth_getBalance
[2022/05/22 11:14:42.662] - eth_getBalance
[2022/05/22 11:14:42.663] - eth_getBlockByNumber
[2022/05/22 11:15:02.618] - eth_blockNumber
[2022/05/22 11:15:04.511] - eth_call
[2022/05/22 11:15:04.909] - eth_gasPrice
[2022/05/22 11:15:18.601] - eth_getCode
[2022/05/22 11:15:18.633] - eth_call
[2022/05/22 11:15:18.634] - eth_call
[2022/05/22 11:15:18.640] - eth_estimateGas
[2022/05/22 11:15:18.829] - eth_call
[2022/05/22 11:15:20.457] - eth_call
[2022/05/22 11:15:20.457] - eth_call
[2022/05/22 11:15:21.935] - eth_getTransactionCount
[2022/05/22 11:15:22.685] - eth_blockNumber
[2022/05/22 11:15:42.782] - eth_call
[2022/05/22 11:15:42.784] - eth_call
[2022/05/22 11:15:42.798] - eth_blockNumber
[2022/05/22 11:15:42.864] - eth_call
[2022/05/22 11:15:43.053] - eth_call
[2022/05/22 11:15:43.054] - eth_call
[2022/05/22 11:16:03.009] - eth_blockNumber
[2022/05/22 11:16:06.147] - eth_getCode
[2022/05/22 11:16:17.068] - eth_getCode
[2022/05/22 11:16:17.670] - eth_getTransactionCount
[2022/05/22 11:16:19.057] - eth_sendRawTransaction
[2022/05/22 11:16:19.171] - 
[2022/05/22 11:16:19.172] -   Transaction: 0x1916a466b7af2ce7a967629f8c32f95eac322c3076a7d03fdb18978bfd45f64f
[2022/05/22 11:16:19.172] -   Gas usage: 21000
[2022/05/22 11:16:19.172] -   Block Number: 6
[2022/05/22 11:16:19.181] -   Block Time: Sun May 22 2022 11:16:19 GMT+0700 (Indochina Time)
[2022/05/22 11:16:19.182] - 
[2022/05/22 11:16:19.183] - eth_getBlockByNumber
[2022/05/22 11:16:19.219] - eth_getBlockByNumber
[2022/05/22 11:16:19.234] - eth_getBalance
[2022/05/22 11:16:19.245] - eth_getTransactionCount
[2022/05/22 11:16:19.260] - eth_getBalance
[2022/05/22 11:16:19.261] - eth_getTransactionCount
[2022/05/22 11:16:19.271] - eth_getBalance
[2022/05/22 11:16:19.282] - eth_getTransactionCount
[2022/05/22 11:16:19.298] - eth_getBalance
[2022/05/22 11:16:19.317] - eth_getTransactionCount
[2022/05/22 11:16:19.326] - eth_getBalance
[2022/05/22 11:16:19.333] - eth_getTransactionCount
[2022/05/22 11:16:19.339] - eth_getBalance
[2022/05/22 11:16:19.345] - eth_getTransactionCount
[2022/05/22 11:16:19.353] - eth_getBalance
[2022/05/22 11:16:19.358] - eth_getTransactionCount
[2022/05/22 11:16:19.369] - eth_getBalance
[2022/05/22 11:16:19.375] - eth_getTransactionCount
[2022/05/22 11:16:19.384] - eth_getBalance
[2022/05/22 11:16:19.390] - eth_getTransactionCount
[2022/05/22 11:16:19.395] - eth_getBalance
[2022/05/22 11:16:19.399] - eth_getTransactionCount
[2022/05/22 11:16:19.446] - eth_getBlockTransactionCountByHash
[2022/05/22 11:16:23.038] - eth_blockNumber
[2022/05/22 11:16:23.054] - eth_getBlockByNumber
[2022/05/22 11:16:23.059] - eth_getTransactionReceipt
[2022/05/22 11:16:23.070] - eth_getBalance
[2022/05/22 11:16:23.071] - eth_getBalance
[2022/05/22 11:16:23.072] - eth_getBalance
[2022/05/22 11:16:23.073] - eth_getBalance
[2022/05/22 11:16:23.074] - eth_getBalance
[2022/05/22 11:16:23.074] - eth_getBalance
[2022/05/22 11:16:23.079] - eth_getBalance
[2022/05/22 11:16:23.081] - eth_getBalance
[2022/05/22 11:16:23.086] - eth_getBalance
[2022/05/22 11:16:23.088] - eth_getBalance
[2022/05/22 11:16:23.092] - eth_getBalance
[2022/05/22 11:16:23.096] - eth_getBlockByHash
[2022/05/22 11:16:23.478] - eth_gasPrice
[2022/05/22 11:16:35.384] - eth_call
[2022/05/22 11:16:43.064] - eth_blockNumber
[2022/05/22 11:16:50.994] - eth_getCode
[2022/05/22 11:16:51.028] - eth_call
[2022/05/22 11:16:51.030] - eth_call
[2022/05/22 11:16:51.036] - eth_estimateGas
[2022/05/22 11:16:51.208] - eth_call
[2022/05/22 11:16:52.816] - eth_call
[2022/05/22 11:16:52.817] - eth_call
[2022/05/22 11:16:54.272] - eth_getTransactionCount
[2022/05/22 11:17:03.092] - eth_blockNumber
[2022/05/22 11:17:09.033] - eth_sendRawTransaction
[2022/05/22 11:17:09.439] - 
[2022/05/22 11:17:09.439] -   Transaction: 0x4ac145b3ca2995693847d51e8d7bb0567785370ea4eb4ceedcfcdc02da08d0f9
[2022/05/22 11:17:09.440] -   Gas usage: 132976
[2022/05/22 11:17:09.440] -   Block Number: 7
[2022/05/22 11:17:09.441] -   Block Time: Sun May 22 2022 11:17:09 GMT+0700 (Indochina Time)
[2022/05/22 11:17:09.441] - 
[2022/05/22 11:17:09.442] - eth_getBlockByNumber
[2022/05/22 11:17:09.453] - eth_call
[2022/05/22 11:17:09.454] - eth_call
[2022/05/22 11:17:09.466] - eth_getBlockByNumber
[2022/05/22 11:17:09.475] - eth_getBalance
[2022/05/22 11:17:09.479] - eth_getTransactionReceipt
[2022/05/22 11:17:09.480] - eth_getTransactionCount
[2022/05/22 11:17:09.485] - eth_getBalance
[2022/05/22 11:17:09.490] - eth_getTransactionCount
[2022/05/22 11:17:09.496] - eth_getBalance
[2022/05/22 11:17:09.499] - eth_getTransactionCount
[2022/05/22 11:17:09.504] - eth_getBalance
[2022/05/22 11:17:09.509] - eth_getTransactionCount
[2022/05/22 11:17:09.514] - eth_getBalance
[2022/05/22 11:17:09.518] - eth_getTransactionCount
[2022/05/22 11:17:09.522] - eth_getBalance
[2022/05/22 11:17:09.527] - eth_getTransactionCount
[2022/05/22 11:17:09.530] - eth_getBalance
[2022/05/22 11:17:09.534] - eth_getTransactionCount
[2022/05/22 11:17:09.539] - eth_getBalance
[2022/05/22 11:17:09.548] - eth_getTransactionCount
[2022/05/22 11:17:09.549] - eth_getBalance
[2022/05/22 11:17:09.549] - eth_call
[2022/05/22 11:17:09.553] - eth_getTransactionCount
[2022/05/22 11:17:09.557] - eth_getBalance
[2022/05/22 11:17:09.563] - eth_getTransactionCount
[2022/05/22 11:17:09.664] - eth_getBlockTransactionCountByHash
[2022/05/22 11:17:09.688] - eth_blockNumber
[2022/05/22 11:17:10.030] - eth_call
[2022/05/22 11:17:10.033] - eth_call
[2022/05/22 11:17:10.092] - eth_getBlockByNumber
[2022/05/22 11:17:10.101] - eth_getTransactionReceipt
[2022/05/22 11:17:10.268] - eth_getBalance
[2022/05/22 11:17:10.271] - eth_getBalance
[2022/05/22 11:17:10.272] - eth_getBalance
[2022/05/22 11:17:10.272] - eth_getBalance
[2022/05/22 11:17:10.273] - eth_getBalance
[2022/05/22 11:17:10.282] - eth_getBalance
[2022/05/22 11:17:10.283] - eth_getBalance
[2022/05/22 11:17:10.285] - eth_getBalance
[2022/05/22 11:17:10.294] - eth_getBalance
[2022/05/22 11:17:10.295] - eth_getBalance
[2022/05/22 11:17:10.312] - eth_getBalance
[2022/05/22 11:17:10.321] - eth_getBlockByHash
[2022/05/22 11:17:10.388] - eth_call
[2022/05/22 11:17:10.389] - eth_call
[2022/05/22 11:17:10.497] - eth_call
[2022/05/22 11:17:10.694] - eth_gasPrice
[2022/05/22 11:17:10.707] - eth_call
[2022/05/22 11:17:10.708] - eth_call
[2022/05/22 11:17:20.243] - eth_call
[2022/05/22 11:17:23.109] - eth_blockNumber
[2022/05/22 11:17:29.376] - eth_call
[2022/05/22 11:17:43.132] - eth_blockNumber
[2022/05/22 11:18:03.149] - eth_blockNumber
[2022/05/22 11:18:05.014] - eth_getBalance
[2022/05/22 11:18:05.015] - eth_getBalance
[2022/05/22 11:18:05.018] - eth_getBalance
[2022/05/22 11:18:05.021] - eth_getBalance
[2022/05/22 11:18:23.160] - eth_blockNumber
[2022/05/22 11:18:43.191] - eth_blockNumber
[2022/05/22 11:18:49.543] - eth_getCode
[2022/05/22 11:18:55.575] - eth_getTransactionCount
[2022/05/22 11:18:56.959] - eth_sendRawTransaction
[2022/05/22 11:18:57.054] - 
[2022/05/22 11:18:57.054] -   Transaction: 0xa23be1f9e262c265c30e3a93e089f3d8ba9dbd8e2e21dbf76821dad7709a0385
[2022/05/22 11:18:57.055] -   Gas usage: 21000
[2022/05/22 11:18:57.055] -   Block Number: 8
[2022/05/22 11:18:57.056] -   Block Time: Sun May 22 2022 11:18:56 GMT+0700 (Indochina Time)
[2022/05/22 11:18:57.056] - 
[2022/05/22 11:18:57.057] - eth_getBlockByNumber
[2022/05/22 11:18:57.076] - eth_getBlockByNumber
[2022/05/22 11:18:57.087] - eth_getBalance
[2022/05/22 11:18:57.095] - eth_getTransactionCount
[2022/05/22 11:18:57.098] - eth_getBalance
[2022/05/22 11:18:57.103] - eth_getTransactionCount
[2022/05/22 11:18:57.108] - eth_getBalance
[2022/05/22 11:18:57.112] - eth_getTransactionCount
[2022/05/22 11:18:57.117] - eth_getBalance
[2022/05/22 11:18:57.130] - eth_getTransactionCount
[2022/05/22 11:18:57.131] - eth_getBalance
[2022/05/22 11:18:57.135] - eth_getTransactionCount
[2022/05/22 11:18:57.140] - eth_getBalance
[2022/05/22 11:18:57.145] - eth_getTransactionCount
[2022/05/22 11:18:57.150] - eth_getBalance
[2022/05/22 11:18:57.158] - eth_getTransactionCount
[2022/05/22 11:18:57.167] - eth_getBalance
[2022/05/22 11:18:57.172] - eth_getTransactionCount
[2022/05/22 11:18:57.179] - eth_getBalance
[2022/05/22 11:18:57.186] - eth_getTransactionCount
[2022/05/22 11:18:57.191] - eth_getBalance
[2022/05/22 11:18:57.196] - eth_getTransactionCount
[2022/05/22 11:18:57.267] - eth_getBlockTransactionCountByHash
[2022/05/22 11:19:03.202] - eth_blockNumber
[2022/05/22 11:19:03.209] - eth_getBlockByNumber
[2022/05/22 11:19:03.213] - eth_getTransactionReceipt
[2022/05/22 11:19:03.222] - eth_getBalance
[2022/05/22 11:19:03.225] - eth_getBalance
[2022/05/22 11:19:03.226] - eth_getBalance
[2022/05/22 11:19:03.226] - eth_getBalance
[2022/05/22 11:19:03.227] - eth_getBalance
[2022/05/22 11:19:03.228] - eth_getBalance
[2022/05/22 11:19:03.230] - eth_getBalance
[2022/05/22 11:19:03.233] - eth_getBalance
[2022/05/22 11:19:03.237] - eth_getBalance
[2022/05/22 11:19:03.238] - eth_getBalance
[2022/05/22 11:19:03.242] - eth_getBalance
[2022/05/22 11:19:03.248] - eth_getBalance
[2022/05/22 11:19:03.249] - eth_getBalance
[2022/05/22 11:19:03.269] - eth_getBalance
[2022/05/22 11:19:03.270] - eth_getBalance
[2022/05/22 11:19:03.275] - eth_getBlockByHash
[2022/05/22 11:19:04.302] - eth_getCode
[2022/05/22 11:19:06.551] - eth_gasPrice
[2022/05/22 11:19:07.067] - eth_getTransactionCount
[2022/05/22 11:19:07.925] - eth_sendRawTransaction
[2022/05/22 11:19:08.045] - 
[2022/05/22 11:19:08.045] -   Transaction: 0x3d5d07a4ec34b1d69e7c6729d9b54b044fac2dc923b21545dbc6b20f50e5e9eb
[2022/05/22 11:19:08.045] -   Gas usage: 21000
[2022/05/22 11:19:08.045] -   Block Number: 9
[2022/05/22 11:19:08.046] -   Block Time: Sun May 22 2022 11:19:07 GMT+0700 (Indochina Time)
[2022/05/22 11:19:08.046] - 
[2022/05/22 11:19:08.048] - eth_getBlockByNumber
[2022/05/22 11:19:08.059] - eth_getBlockByNumber
[2022/05/22 11:19:08.070] - eth_getBalance
[2022/05/22 11:19:08.076] - eth_getTransactionCount
[2022/05/22 11:19:08.081] - eth_getBalance
[2022/05/22 11:19:08.084] - eth_getTransactionCount
[2022/05/22 11:19:08.089] - eth_getBalance
[2022/05/22 11:19:08.094] - eth_getTransactionCount
[2022/05/22 11:19:08.099] - eth_getBalance
[2022/05/22 11:19:08.103] - eth_getTransactionCount
[2022/05/22 11:19:08.107] - eth_getBalance
[2022/05/22 11:19:08.112] - eth_getTransactionCount
[2022/05/22 11:19:08.117] - eth_getBalance
[2022/05/22 11:19:08.122] - eth_getTransactionCount
[2022/05/22 11:19:08.128] - eth_getBalance
[2022/05/22 11:19:08.134] - eth_getTransactionCount
[2022/05/22 11:19:08.138] - eth_getBalance
[2022/05/22 11:19:08.143] - eth_getTransactionCount
[2022/05/22 11:19:08.147] - eth_getBalance
[2022/05/22 11:19:08.151] - eth_getTransactionCount
[2022/05/22 11:19:08.158] - eth_getBalance
[2022/05/22 11:19:08.163] - eth_getTransactionCount
[2022/05/22 11:19:08.195] - eth_getBlockTransactionCountByHash
[2022/05/22 11:19:17.263] - eth_sendRawTransaction
[2022/05/22 11:19:17.345] - 
[2022/05/22 11:19:17.346] -   Transaction: 0x9d29ffc760b6440e4bd5a6597df83c548847c33732c931eb2461004ac620ca45
[2022/05/22 11:19:17.346] -   Gas usage: 21000
[2022/05/22 11:19:17.346] -   Block Number: 10
[2022/05/22 11:19:17.347] -   Block Time: Sun May 22 2022 11:19:17 GMT+0700 (Indochina Time)
[2022/05/22 11:19:17.347] - 
[2022/05/22 11:19:17.349] - eth_getBlockByNumber
[2022/05/22 11:19:17.363] - eth_getBlockByNumber
[2022/05/22 11:19:17.375] - eth_getBalance
[2022/05/22 11:19:17.380] - eth_getTransactionCount
[2022/05/22 11:19:17.388] - eth_getBalance
[2022/05/22 11:19:17.393] - eth_getTransactionCount
[2022/05/22 11:19:17.400] - eth_getBalance
[2022/05/22 11:19:17.407] - eth_getTransactionCount
[2022/05/22 11:19:17.411] - eth_getBalance
[2022/05/22 11:19:17.417] - eth_getTransactionCount
[2022/05/22 11:19:17.429] - eth_getBalance
[2022/05/22 11:19:17.429] - eth_getTransactionCount
[2022/05/22 11:19:17.441] - eth_getBalance
[2022/05/22 11:19:17.445] - eth_getTransactionCount
[2022/05/22 11:19:17.453] - eth_getBalance
[2022/05/22 11:19:17.464] - eth_getTransactionCount
[2022/05/22 11:19:17.473] - eth_getBalance
[2022/05/22 11:19:17.489] - eth_getTransactionCount
[2022/05/22 11:19:17.497] - eth_getBalance
[2022/05/22 11:19:17.503] - eth_getTransactionCount
[2022/05/22 11:19:17.512] - eth_getBalance
[2022/05/22 11:19:17.520] - eth_getTransactionCount
[2022/05/22 11:19:17.553] - eth_getBlockTransactionCountByHash
[2022/05/22 11:19:22.466] - eth_getCode
[2022/05/22 11:19:23.221] - eth_blockNumber
[2022/05/22 11:19:23.238] - eth_getBlockByNumber
[2022/05/22 11:19:23.242] - eth_getTransactionReceipt
[2022/05/22 11:19:23.243] - eth_getTransactionReceipt
[2022/05/22 11:19:23.251] - eth_getBalance
[2022/05/22 11:19:23.252] - eth_getBalance
[2022/05/22 11:19:23.256] - eth_getBalance
[2022/05/22 11:19:23.257] - eth_getBalance
[2022/05/22 11:19:23.257] - eth_getBalance
[2022/05/22 11:19:23.258] - eth_getBalance
[2022/05/22 11:19:23.261] - eth_getBalance
[2022/05/22 11:19:23.262] - eth_getBalance
[2022/05/22 11:19:23.266] - eth_getBalance
[2022/05/22 11:19:23.269] - eth_getBalance
[2022/05/22 11:19:23.272] - eth_getBalance
[2022/05/22 11:19:23.274] - eth_getBalance
[2022/05/22 11:19:23.279] - eth_getBalance
[2022/05/22 11:19:23.281] - eth_getBalance
[2022/05/22 11:19:23.285] - eth_getBalance
[2022/05/22 11:19:23.288] - eth_getBlockByHash
[2022/05/22 11:19:23.290] - eth_getBlockByHash
[2022/05/22 11:19:23.628] - eth_getCode
[2022/05/22 11:19:24.598] - eth_gasPrice
[2022/05/22 11:19:24.993] - eth_getTransactionCount
[2022/05/22 11:19:25.787] - eth_sendRawTransaction
[2022/05/22 11:19:25.916] - 
[2022/05/22 11:19:25.916] -   Transaction: 0xac7f75cc3dc5ebb308e432b8fb43ce1d7bd4c41ef45d358087e5eed6e7f2adb2
[2022/05/22 11:19:25.916] -   Gas usage: 21000
[2022/05/22 11:19:25.917] -   Block Number: 11
[2022/05/22 11:19:25.917] -   Block Time: Sun May 22 2022 11:19:25 GMT+0700 (Indochina Time)
[2022/05/22 11:19:25.917] - 
[2022/05/22 11:19:25.919] - eth_getBlockByNumber
[2022/05/22 11:19:25.930] - eth_getBlockByNumber
[2022/05/22 11:19:25.941] - eth_getBalance
[2022/05/22 11:19:25.953] - eth_getTransactionCount
[2022/05/22 11:19:25.958] - eth_getBalance
[2022/05/22 11:19:25.964] - eth_getTransactionCount
[2022/05/22 11:19:25.969] - eth_getBalance
[2022/05/22 11:19:25.977] - eth_getTransactionCount
[2022/05/22 11:19:25.981] - eth_getBalance
[2022/05/22 11:19:25.986] - eth_getTransactionCount
[2022/05/22 11:19:25.990] - eth_getBalance
[2022/05/22 11:19:25.995] - eth_getTransactionCount
[2022/05/22 11:19:25.999] - eth_getBalance
[2022/05/22 11:19:26.003] - eth_getTransactionCount
[2022/05/22 11:19:26.013] - eth_getBalance
[2022/05/22 11:19:26.022] - eth_getTransactionCount
[2022/05/22 11:19:26.029] - eth_getBalance
[2022/05/22 11:19:26.035] - eth_getTransactionCount
[2022/05/22 11:19:26.040] - eth_getBalance
[2022/05/22 11:19:26.044] - eth_getTransactionCount
[2022/05/22 11:19:26.048] - eth_getBalance
[2022/05/22 11:19:26.053] - eth_getTransactionCount
[2022/05/22 11:19:26.085] - eth_getBlockTransactionCountByHash
[2022/05/22 11:19:43.248] - eth_blockNumber
[2022/05/22 11:19:43.265] - eth_getBlockByNumber
[2022/05/22 11:19:43.270] - eth_getTransactionReceipt
[2022/05/22 11:19:43.278] - eth_getBalance
[2022/05/22 11:19:43.279] - eth_getBalance
[2022/05/22 11:19:43.280] - eth_getBalance
[2022/05/22 11:19:43.281] - eth_getBalance
[2022/05/22 11:19:43.282] - eth_getBalance
[2022/05/22 11:19:43.284] - eth_getBalance
[2022/05/22 11:19:43.287] - eth_getBalance
[2022/05/22 11:19:43.290] - eth_getBalance
[2022/05/22 11:19:43.293] - eth_getBalance
[2022/05/22 11:19:43.296] - eth_getBalance
[2022/05/22 11:19:43.299] - eth_getBalance
[2022/05/22 11:19:43.300] - eth_getBalance
[2022/05/22 11:19:43.310] - eth_getBalance
[2022/05/22 11:19:43.310] - eth_getBalance
[2022/05/22 11:19:43.329] - eth_getBalance
[2022/05/22 11:19:43.330] - eth_getBlockByHash
[2022/05/22 11:19:43.710] - eth_gasPrice
[2022/05/22 11:19:44.524] - eth_call
[2022/05/22 11:20:03.270] - eth_blockNumber
[2022/05/22 11:20:08.225] - eth_call
[2022/05/22 11:20:16.599] - eth_call
[2022/05/22 11:20:23.296] - eth_blockNumber
[2022/05/22 11:20:43.319] - eth_blockNumber
[2022/05/22 11:20:49.800] - eth_getBlockByNumber
[2022/05/22 11:20:49.845] - eth_getTransactionReceipt
[2022/05/22 11:20:49.884] - eth_getBlockByNumber
[2022/05/22 11:20:49.908] - eth_getTransactionReceipt
[2022/05/22 11:20:49.944] - eth_getBlockByNumber
[2022/05/22 11:20:49.969] - eth_getTransactionReceipt
[2022/05/22 11:20:50.007] - eth_getBlockByNumber
[2022/05/22 11:20:50.038] - eth_getTransactionReceipt
[2022/05/22 11:20:50.073] - eth_getBlockByNumber
[2022/05/22 11:20:50.096] - eth_getTransactionReceipt
[2022/05/22 11:20:50.133] - eth_getBlockByNumber
[2022/05/22 11:20:50.155] - eth_getTransactionReceipt
[2022/05/22 11:20:50.179] - eth_getTransactionReceipt
[2022/05/22 11:20:50.217] - eth_getTransactionReceipt
[2022/05/22 11:20:50.239] - eth_getTransactionReceipt
[2022/05/22 11:20:50.275] - eth_getTransactionReceipt
[2022/05/22 11:20:50.311] - eth_getTransactionReceipt
[2022/05/22 11:20:54.153] - eth_getBalance
[2022/05/22 11:20:54.186] - eth_getTransactionByHash
[2022/05/22 11:20:54.208] - eth_getTransactionByHash
[2022/05/22 11:20:54.286] - net_version
[2022/05/22 11:20:54.299] - eth_getCode
[2022/05/22 11:20:54.315] - eth_getBlockByNumber
[2022/05/22 11:20:54.340] - eth_getBalance
[2022/05/22 11:20:54.352] - eth_getTransactionCount
[2022/05/22 11:20:54.362] - eth_getStorageAt
[2022/05/22 11:20:57.725] - eth_getLogs
[2022/05/22 11:21:03.343] - eth_blockNumber
[2022/05/22 11:21:20.816] - eth_unsubscribe
[2022/05/22 11:21:20.817] - eth_unsubscribe
