[2022/05/21 21:53:32.544] - Starting server with initial configuration: {"gasLimit":6721975,"gasPrice":20000000000,"hardfork":"muirGlacier","hostname":"127.0.0.1","port":7545,"network_id":5777,"default_balance_ether":100,"total_accounts":10,"unlocked_accounts":[],"locked":false,"vmErrorsOnRPCResponse":true,"verbose":false,"db_path":"C:\\Users\\PC\\AppData\\Roaming\\Ganache\\workspaces\\malicious-effect\\chaindata","logDirectory":"E:\\Đồ án tốt nghiệp\\blockchain-based-authentication-main\\Log"}
[2022/05/21 21:53:32.709] - eth_getCode
[2022/05/21 21:53:32.710] - eth_subscribe
[2022/05/21 21:53:32.711] - eth_getLogs
[2022/05/21 21:53:32.714] - eth_subscribe
[2022/05/21 21:53:32.730] - eth_getCode
[2022/05/21 21:53:32.788] - eth_getCode
[2022/05/21 21:53:32.789] - eth_subscribe
[2022/05/21 21:53:32.790] - eth_getLogs
[2022/05/21 21:53:32.793] - eth_subscribe
[2022/05/21 21:53:32.795] - eth_getCode
[2022/05/21 21:53:32.798] - eth_getCode
[2022/05/21 21:53:32.823] - eth_getCode
[2022/05/21 21:53:33.287] - eth_blockNumber
[2022/05/21 21:53:33.288] - eth_accounts
[2022/05/21 21:53:33.289] - eth_blockNumber
[2022/05/21 21:53:33.290] - eth_gasPrice
[2022/05/21 21:53:33.290] - eth_accounts
[2022/05/21 21:53:33.291] - eth_getBlockByNumber
[2022/05/21 21:53:33.291] - eth_gasPrice
[2022/05/21 21:53:33.292] - eth_subscribe
[2022/05/21 21:53:33.292] - eth_getBlockByNumber
[2022/05/21 21:53:33.293] - eth_subscribe
[2022/05/21 21:53:33.319] - eth_accounts
[2022/05/21 21:53:33.392] - eth_getBalance
[2022/05/21 21:53:33.402] - eth_getTransactionCount
[2022/05/21 21:53:33.413] - eth_getBalance
[2022/05/21 21:53:33.424] - eth_getTransactionCount
[2022/05/21 21:53:33.432] - eth_getBalance
[2022/05/21 21:53:33.438] - eth_getTransactionCount
[2022/05/21 21:53:33.445] - eth_getBalance
[2022/05/21 21:53:33.451] - eth_getTransactionCount
[2022/05/21 21:53:33.458] - eth_getBalance
[2022/05/21 21:53:33.465] - eth_getTransactionCount
[2022/05/21 21:53:33.472] - eth_getBalance
[2022/05/21 21:53:33.480] - eth_getTransactionCount
[2022/05/21 21:53:33.487] - eth_getBalance
[2022/05/21 21:53:33.494] - eth_getTransactionCount
[2022/05/21 21:53:33.502] - eth_getBalance
[2022/05/21 21:53:33.510] - eth_getTransactionCount
[2022/05/21 21:53:33.521] - eth_getBalance
[2022/05/21 21:53:33.530] - eth_getTransactionCount
[2022/05/21 21:53:33.537] - eth_getBalance
[2022/05/21 21:53:33.547] - eth_getTransactionCount
[2022/05/21 21:53:33.568] - eth_getBalance
[2022/05/21 21:53:33.579] - eth_getTransactionCount
[2022/05/21 21:53:33.588] - eth_getBalance
[2022/05/21 21:53:33.599] - eth_getTransactionCount
[2022/05/21 21:53:33.609] - eth_getBalance
[2022/05/21 21:53:33.617] - eth_getTransactionCount
[2022/05/21 21:53:33.631] - eth_getBalance
[2022/05/21 21:53:33.642] - eth_getTransactionCount
[2022/05/21 21:53:33.654] - eth_getBalance
[2022/05/21 21:53:33.663] - eth_getTransactionCount
[2022/05/21 21:53:33.674] - eth_getBalance
[2022/05/21 21:53:33.683] - eth_getTransactionCount
[2022/05/21 21:53:33.690] - eth_getBalance
[2022/05/21 21:53:33.699] - eth_getTransactionCount
[2022/05/21 21:53:33.705] - eth_getBalance
[2022/05/21 21:53:33.712] - eth_getTransactionCount
[2022/05/21 21:53:33.718] - eth_getBalance
[2022/05/21 21:53:33.726] - eth_getTransactionCount
[2022/05/21 21:53:33.734] - eth_getBalance
[2022/05/21 21:53:33.738] - eth_getTransactionCount
[2022/05/21 21:53:33.747] - eth_getBalance
[2022/05/21 21:53:33.753] - eth_getTransactionCount
[2022/05/21 21:53:33.759] - eth_getBalance
[2022/05/21 21:53:33.767] - eth_getTransactionCount
[2022/05/21 21:53:33.775] - eth_getBalance
[2022/05/21 21:53:33.782] - eth_getTransactionCount
[2022/05/21 21:53:33.789] - eth_getBalance
[2022/05/21 21:53:33.798] - eth_getTransactionCount
[2022/05/21 21:53:33.804] - eth_getBalance
[2022/05/21 21:53:33.811] - eth_getTransactionCount
[2022/05/21 21:53:33.819] - eth_getBalance
[2022/05/21 21:53:33.827] - eth_getTransactionCount
[2022/05/21 21:53:33.840] - eth_getBalance
[2022/05/21 21:53:33.853] - eth_getTransactionCount
[2022/05/21 21:53:33.864] - eth_getBalance
[2022/05/21 21:53:33.874] - eth_getTransactionCount
[2022/05/21 21:53:33.880] - eth_getBalance
[2022/05/21 21:53:33.895] - eth_getTransactionCount
[2022/05/21 21:53:33.903] - eth_getBalance
[2022/05/21 21:53:33.911] - eth_getTransactionCount
[2022/05/21 21:53:34.015] - eth_getBalance
[2022/05/21 21:53:34.024] - eth_getTransactionCount
[2022/05/21 21:53:34.036] - eth_getBalance
[2022/05/21 21:53:34.037] - eth_getTransactionCount
[2022/05/21 21:53:34.046] - eth_getBalance
[2022/05/21 21:53:34.053] - eth_getTransactionCount
[2022/05/21 21:53:34.061] - eth_getBalance
[2022/05/21 21:53:34.067] - eth_getTransactionCount
[2022/05/21 21:53:34.074] - eth_getBalance
[2022/05/21 21:53:34.081] - eth_getTransactionCount
[2022/05/21 21:53:34.087] - eth_getBalance
[2022/05/21 21:53:34.093] - eth_getTransactionCount
[2022/05/21 21:53:34.098] - eth_getBalance
[2022/05/21 21:53:34.106] - eth_getTransactionCount
[2022/05/21 21:53:34.112] - eth_getBalance
[2022/05/21 21:53:34.120] - eth_getTransactionCount
[2022/05/21 21:53:34.126] - eth_getBalance
[2022/05/21 21:53:34.133] - eth_getTransactionCount
[2022/05/21 21:53:34.140] - eth_getBalance
[2022/05/21 21:53:34.147] - eth_getTransactionCount
[2022/05/21 21:53:46.674] - eth_blockNumber
[2022/05/21 21:54:16.668] - eth_blockNumber
[2022/05/21 21:54:46.671] - eth_blockNumber
[2022/05/21 21:55:16.669] - eth_blockNumber
[2022/05/21 21:55:46.665] - eth_blockNumber
[2022/05/21 21:56:16.669] - eth_blockNumber
[2022/05/21 21:56:46.666] - eth_blockNumber
[2022/05/21 21:57:16.662] - eth_blockNumber
[2022/05/21 21:57:46.669] - eth_blockNumber
[2022/05/21 21:57:58.624] - eth_unsubscribe
[2022/05/21 21:57:58.625] - eth_unsubscribe
