[2022/05/21 21:38:03.397] - Starting server with initial configuration: {"gasLimit":6721975,"gasPrice":20000000000,"hardfork":"muirGlacier","hostname":"127.0.0.1","port":7545,"network_id":5777,"default_balance_ether":100,"total_accounts":10,"unlocked_accounts":[],"locked":false,"vmErrorsOnRPCResponse":true,"verbose":false,"db_path":"C:\\Users\\PC\\AppData\\Roaming\\Ganache\\workspaces\\malicious-effect\\chaindata","logDirectory":"E:\\Đồ án tốt nghiệp\\blockchain-based-authentication-main\\Log"}
[2022/05/21 21:38:03.551] - eth_getCode
[2022/05/21 21:38:03.552] - eth_subscribe
[2022/05/21 21:38:03.554] - eth_getLogs
[2022/05/21 21:38:03.558] - eth_subscribe
[2022/05/21 21:38:03.590] - eth_getCode
[2022/05/21 21:38:03.597] - eth_subscribe
[2022/05/21 21:38:03.599] - eth_getLogs
[2022/05/21 21:38:03.602] - eth_subscribe
[2022/05/21 21:38:03.607] - eth_getCode
[2022/05/21 21:38:03.620] - eth_getCode
[2022/05/21 21:38:03.651] - eth_getCode
[2022/05/21 21:38:03.655] - eth_getCode
[2022/05/21 21:38:03.827] - eth_blockNumber
[2022/05/21 21:38:03.828] - eth_accounts
[2022/05/21 21:38:03.829] - eth_gasPrice
[2022/05/21 21:38:03.831] - eth_blockNumber
[2022/05/21 21:38:03.832] - eth_getBlockByNumber
[2022/05/21 21:38:03.833] - eth_accounts
[2022/05/21 21:38:03.834] - eth_subscribe
[2022/05/21 21:38:03.835] - eth_gasPrice
[2022/05/21 21:38:03.836] - eth_getBlockByNumber
[2022/05/21 21:38:03.838] - eth_subscribe
[2022/05/21 21:38:03.862] - eth_accounts
[2022/05/21 21:38:03.935] - eth_getBalance
[2022/05/21 21:38:03.966] - eth_getTransactionCount
[2022/05/21 21:38:03.966] - eth_getBalance
[2022/05/21 21:38:03.972] - eth_getTransactionCount
[2022/05/21 21:38:03.985] - eth_getBalance
[2022/05/21 21:38:03.995] - eth_getTransactionCount
[2022/05/21 21:38:04.003] - eth_getBalance
[2022/05/21 21:38:04.010] - eth_getTransactionCount
[2022/05/21 21:38:04.024] - eth_getBalance
[2022/05/21 21:38:04.034] - eth_getTransactionCount
[2022/05/21 21:38:04.050] - eth_getBalance
[2022/05/21 21:38:04.059] - eth_getTransactionCount
[2022/05/21 21:38:04.074] - eth_getBalance
[2022/05/21 21:38:04.087] - eth_getTransactionCount
[2022/05/21 21:38:04.102] - eth_getBalance
[2022/05/21 21:38:04.114] - eth_getTransactionCount
[2022/05/21 21:38:04.122] - eth_getBalance
[2022/05/21 21:38:04.133] - eth_getTransactionCount
[2022/05/21 21:38:04.143] - eth_getBalance
[2022/05/21 21:38:04.154] - eth_getTransactionCount
[2022/05/21 21:38:04.182] - eth_getBalance
[2022/05/21 21:38:04.191] - eth_getTransactionCount
[2022/05/21 21:38:04.198] - eth_getBalance
[2022/05/21 21:38:04.208] - eth_getTransactionCount
[2022/05/21 21:38:04.215] - eth_getBalance
[2022/05/21 21:38:04.222] - eth_getTransactionCount
[2022/05/21 21:38:04.231] - eth_getBalance
[2022/05/21 21:38:04.236] - eth_getTransactionCount
[2022/05/21 21:38:04.241] - eth_getBalance
[2022/05/21 21:38:04.250] - eth_getTransactionCount
[2022/05/21 21:38:04.257] - eth_getBalance
[2022/05/21 21:38:04.267] - eth_getTransactionCount
[2022/05/21 21:38:04.274] - eth_getBalance
[2022/05/21 21:38:04.282] - eth_getTransactionCount
[2022/05/21 21:38:04.289] - eth_getBalance
[2022/05/21 21:38:04.296] - eth_getTransactionCount
[2022/05/21 21:38:04.304] - eth_getBalance
[2022/05/21 21:38:04.312] - eth_getTransactionCount
[2022/05/21 21:38:04.319] - eth_getBalance
[2022/05/21 21:38:04.329] - eth_getTransactionCount
[2022/05/21 21:38:04.335] - eth_getBalance
[2022/05/21 21:38:04.344] - eth_getTransactionCount
[2022/05/21 21:38:04.350] - eth_getBalance
[2022/05/21 21:38:04.367] - eth_getTransactionCount
[2022/05/21 21:38:04.383] - eth_getBalance
[2022/05/21 21:38:04.395] - eth_getTransactionCount
[2022/05/21 21:38:04.408] - eth_getBalance
[2022/05/21 21:38:04.420] - eth_getTransactionCount
[2022/05/21 21:38:04.427] - eth_getBalance
[2022/05/21 21:38:04.437] - eth_getTransactionCount
[2022/05/21 21:38:04.450] - eth_getBalance
[2022/05/21 21:38:04.459] - eth_getTransactionCount
[2022/05/21 21:38:04.469] - eth_getBalance
[2022/05/21 21:38:04.476] - eth_getTransactionCount
[2022/05/21 21:38:04.486] - eth_getBalance
[2022/05/21 21:38:04.496] - eth_getTransactionCount
[2022/05/21 21:38:04.504] - eth_getBalance
[2022/05/21 21:38:04.511] - eth_getTransactionCount
[2022/05/21 21:38:04.519] - eth_getBalance
[2022/05/21 21:38:04.527] - eth_getTransactionCount
[2022/05/21 21:38:04.669] - eth_getBalance
[2022/05/21 21:38:04.680] - eth_getTransactionCount
[2022/05/21 21:38:04.688] - eth_getBalance
[2022/05/21 21:38:04.692] - eth_getTransactionCount
[2022/05/21 21:38:04.699] - eth_getBalance
[2022/05/21 21:38:04.704] - eth_getTransactionCount
[2022/05/21 21:38:04.713] - eth_getBalance
[2022/05/21 21:38:04.717] - eth_getTransactionCount
[2022/05/21 21:38:04.730] - eth_getBalance
[2022/05/21 21:38:04.751] - eth_getTransactionCount
[2022/05/21 21:38:04.751] - eth_getBalance
[2022/05/21 21:38:04.752] - eth_getTransactionCount
[2022/05/21 21:38:04.759] - eth_getBalance
[2022/05/21 21:38:04.766] - eth_getTransactionCount
[2022/05/21 21:38:04.773] - eth_getBalance
[2022/05/21 21:38:04.781] - eth_getTransactionCount
[2022/05/21 21:38:04.789] - eth_getBalance
[2022/05/21 21:38:04.796] - eth_getTransactionCount
[2022/05/21 21:38:04.803] - eth_getBalance
[2022/05/21 21:38:04.811] - eth_getTransactionCount
[2022/05/21 21:38:04.877] - eth_getBlockByNumber
[2022/05/21 21:38:06.123] - eth_getBlockByNumber
[2022/05/21 21:38:06.151] - eth_getBlockByNumber
[2022/05/21 21:38:06.190] - eth_getBlockByNumber
[2022/05/21 21:38:06.219] - eth_getBlockByNumber
[2022/05/21 21:38:06.246] - eth_getBlockByNumber
[2022/05/21 21:38:06.277] - eth_getLogs
[2022/05/21 21:38:08.544] - eth_getBlockByNumber
[2022/05/21 21:38:08.588] - eth_getTransactionReceipt
[2022/05/21 21:38:08.636] - eth_getBlockByNumber
[2022/05/21 21:38:08.666] - eth_getTransactionReceipt
[2022/05/21 21:38:08.695] - eth_getBlockByNumber
[2022/05/21 21:38:08.730] - eth_getTransactionReceipt
[2022/05/21 21:38:08.776] - eth_getBlockByNumber
[2022/05/21 21:38:08.807] - eth_getTransactionReceipt
[2022/05/21 21:38:08.850] - eth_getBlockByNumber
[2022/05/21 21:38:08.877] - eth_getTransactionReceipt
[2022/05/21 21:38:08.914] - eth_getBlockByNumber
[2022/05/21 21:38:35.847] - eth_unsubscribe
[2022/05/21 21:38:35.848] - eth_unsubscribe
