[2022/05/21 21:37:29.326] - Starting server with initial configuration: {"gasLimit":6721975,"gasPrice":20000000000,"hardfork":"muirGlacier","hostname":"127.0.0.1","port":7545,"network_id":5777,"default_balance_ether":100,"total_accounts":10,"unlocked_accounts":[],"locked":false,"vmErrorsOnRPCResponse":true,"verbose":false,"db_path":"C:\\Users\\PC\\AppData\\Roaming\\Ganache\\workspaces\\malicious-effect\\chaindata","logDirectory":"E:\\Đồ án tốt nghiệp\\blockchain-based-authentication-main\\Log"}
[2022/05/21 21:37:29.531] - eth_blockNumber
[2022/05/21 21:37:29.751] - eth_getCode
[2022/05/21 21:37:29.753] - eth_subscribe
[2022/05/21 21:37:29.755] - eth_getLogs
[2022/05/21 21:37:29.762] - eth_subscribe
[2022/05/21 21:37:29.840] - eth_getCode
[2022/05/21 21:37:29.901] - eth_getCode
[2022/05/21 21:37:30.042] - eth_getCode
[2022/05/21 21:37:30.043] - eth_subscribe
[2022/05/21 21:37:30.045] - eth_getLogs
[2022/05/21 21:37:30.051] - eth_subscribe
[2022/05/21 21:37:30.057] - eth_getCode
[2022/05/21 21:37:30.806] - eth_blockNumber
[2022/05/21 21:37:30.808] - eth_accounts
[2022/05/21 21:37:30.809] - eth_gasPrice
[2022/05/21 21:37:30.811] - eth_blockNumber
[2022/05/21 21:37:30.812] - eth_getBlockByNumber
[2022/05/21 21:37:30.813] - eth_accounts
[2022/05/21 21:37:30.815] - eth_subscribe
[2022/05/21 21:37:30.816] - eth_gasPrice
[2022/05/21 21:37:30.820] - eth_getBlockByNumber
[2022/05/21 21:37:30.823] - eth_subscribe
[2022/05/21 21:37:31.215] - eth_getBalance
[2022/05/21 21:37:31.236] - eth_getTransactionCount
[2022/05/21 21:37:31.259] - eth_getBalance
[2022/05/21 21:37:31.276] - eth_getTransactionCount
[2022/05/21 21:37:31.307] - eth_getBalance
[2022/05/21 21:37:31.333] - eth_getTransactionCount
[2022/05/21 21:37:31.352] - eth_getBalance
[2022/05/21 21:37:31.366] - eth_getTransactionCount
[2022/05/21 21:37:31.381] - eth_getBalance
[2022/05/21 21:37:31.404] - eth_getTransactionCount
[2022/05/21 21:37:31.423] - eth_getBalance
[2022/05/21 21:37:31.453] - eth_getTransactionCount
[2022/05/21 21:37:31.506] - eth_getBalance
[2022/05/21 21:37:31.522] - eth_getTransactionCount
[2022/05/21 21:37:31.546] - eth_getBalance
[2022/05/21 21:37:31.555] - eth_getTransactionCount
[2022/05/21 21:37:31.574] - eth_getBalance
[2022/05/21 21:37:31.588] - eth_getTransactionCount
[2022/05/21 21:37:31.603] - eth_getBalance
[2022/05/21 21:37:31.623] - eth_getTransactionCount
[2022/05/21 21:37:31.642] - eth_getBalance
[2022/05/21 21:37:31.657] - eth_getTransactionCount
[2022/05/21 21:37:31.672] - eth_getBalance
[2022/05/21 21:37:31.690] - eth_getTransactionCount
[2022/05/21 21:37:31.707] - eth_getBalance
[2022/05/21 21:37:31.718] - eth_getTransactionCount
[2022/05/21 21:37:31.737] - eth_getBalance
[2022/05/21 21:37:31.746] - eth_getTransactionCount
[2022/05/21 21:37:31.752] - eth_getBalance
[2022/05/21 21:37:31.764] - eth_getTransactionCount
[2022/05/21 21:37:31.771] - eth_getBalance
[2022/05/21 21:37:31.781] - eth_getTransactionCount
[2022/05/21 21:37:31.791] - eth_getBalance
[2022/05/21 21:37:31.798] - eth_getTransactionCount
[2022/05/21 21:37:31.810] - eth_getBalance
[2022/05/21 21:37:31.823] - eth_getTransactionCount
[2022/05/21 21:37:31.831] - eth_getBalance
[2022/05/21 21:37:31.845] - eth_getTransactionCount
[2022/05/21 21:37:31.858] - eth_getBalance
[2022/05/21 21:37:31.870] - eth_getTransactionCount
[2022/05/21 21:37:31.881] - eth_getBalance
[2022/05/21 21:37:31.895] - eth_getTransactionCount
[2022/05/21 21:37:31.911] - eth_getBalance
[2022/05/21 21:37:31.926] - eth_getTransactionCount
[2022/05/21 21:37:31.941] - eth_getBalance
[2022/05/21 21:37:31.959] - eth_getTransactionCount
[2022/05/21 21:37:31.967] - eth_getBalance
[2022/05/21 21:37:31.978] - eth_getTransactionCount
[2022/05/21 21:37:31.984] - eth_getBalance
[2022/05/21 21:37:31.997] - eth_getTransactionCount
[2022/05/21 21:37:32.008] - eth_getBalance
[2022/05/21 21:37:32.019] - eth_getTransactionCount
[2022/05/21 21:37:32.032] - eth_getBalance
[2022/05/21 21:37:32.045] - eth_getTransactionCount
[2022/05/21 21:37:32.059] - eth_getBalance
[2022/05/21 21:37:32.078] - eth_getTransactionCount
[2022/05/21 21:37:32.098] - eth_getBalance
[2022/05/21 21:37:32.113] - eth_getTransactionCount
[2022/05/21 21:37:32.126] - eth_getBalance
[2022/05/21 21:37:32.164] - eth_getTransactionCount
[2022/05/21 21:37:32.165] - eth_getBalance
[2022/05/21 21:37:32.176] - eth_getTransactionCount
[2022/05/21 21:37:32.186] - eth_getBalance
[2022/05/21 21:37:32.193] - eth_getTransactionCount
[2022/05/21 21:37:32.207] - eth_getBalance
[2022/05/21 21:37:32.214] - eth_getTransactionCount
[2022/05/21 21:37:32.228] - eth_getBalance
[2022/05/21 21:37:32.248] - eth_getTransactionCount
[2022/05/21 21:37:32.259] - eth_getBalance
[2022/05/21 21:37:32.270] - eth_getTransactionCount
[2022/05/21 21:37:32.276] - eth_getBalance
[2022/05/21 21:37:32.291] - eth_getTransactionCount
[2022/05/21 21:37:32.308] - eth_getBalance
[2022/05/21 21:37:32.328] - eth_getTransactionCount
[2022/05/21 21:37:32.354] - eth_getBalance
[2022/05/21 21:37:32.372] - eth_getTransactionCount
[2022/05/21 21:37:32.394] - eth_getBalance
[2022/05/21 21:37:32.410] - eth_getTransactionCount
[2022/05/21 21:37:32.422] - eth_getBalance
[2022/05/21 21:37:32.429] - eth_getTransactionCount
[2022/05/21 21:37:36.892] - eth_blockNumber
[2022/05/21 21:37:49.004] - eth_getBlockByNumber
[2022/05/21 21:37:49.060] - eth_getTransactionReceipt
[2022/05/21 21:37:49.142] - eth_getBlockByNumber
[2022/05/21 21:37:49.199] - eth_getTransactionReceipt
[2022/05/21 21:37:49.247] - eth_getBlockByNumber
[2022/05/21 21:37:49.283] - eth_getTransactionReceipt
[2022/05/21 21:37:49.341] - eth_getBlockByNumber
[2022/05/21 21:37:49.373] - eth_getTransactionReceipt
[2022/05/21 21:37:49.432] - eth_getBlockByNumber
[2022/05/21 21:37:49.467] - eth_getTransactionReceipt
[2022/05/21 21:37:49.539] - eth_getBlockByNumber
[2022/05/21 21:37:49.924] - eth_getBlockByNumber
[2022/05/21 21:37:49.953] - eth_getBlockTransactionCountByHash
[2022/05/21 21:37:49.986] - eth_getBlockByNumber
[2022/05/21 21:37:50.015] - eth_getBlockTransactionCountByHash
[2022/05/21 21:37:50.058] - eth_getBlockByNumber
[2022/05/21 21:37:50.085] - eth_getBlockTransactionCountByHash
[2022/05/21 21:37:50.120] - eth_getBlockByNumber
[2022/05/21 21:37:50.163] - eth_getBlockTransactionCountByHash
[2022/05/21 21:37:50.200] - eth_getBlockByNumber
[2022/05/21 21:37:50.235] - eth_getBlockTransactionCountByHash
[2022/05/21 21:37:50.263] - eth_getBlockByNumber
[2022/05/21 21:37:50.293] - eth_getBlockTransactionCountByHash
[2022/05/21 21:37:57.701] - eth_getLogs
[2022/05/21 21:38:00.883] - eth_unsubscribe
[2022/05/21 21:38:00.884] - eth_unsubscribe
