[2022/05/23 12:27:01.371] - Starting server with initial configuration: {"gasLimit":6721975,"gasPrice":20000000000,"hardfork":"muirGlacier","hostname":"127.0.0.1","port":7545,"network_id":5777,"default_balance_ether":100,"total_accounts":10,"unlocked_accounts":[],"locked":false,"vmErrorsOnRPCResponse":true,"verbose":false,"db_path":"C:\\Users\\PC\\AppData\\Roaming\\Ganache\\workspaces\\malicious-effect\\chaindata","logDirectory":"E:\\Đồ án tốt nghiệp\\blockchain-based-authentication-main\\Log"}
[2022/05/23 12:27:01.672] - eth_blockNumber
[2022/05/23 12:27:01.779] - net_version
[2022/05/23 12:27:01.797] - net_version
[2022/05/23 12:27:01.826] - eth_subscribe
[2022/05/23 12:27:01.828] - eth_getLogs
[2022/05/23 12:27:01.835] - eth_subscribe
[2022/05/23 12:27:01.839] - eth_getCode
[2022/05/23 12:27:02.053] - eth_getCode
[2022/05/23 12:27:02.055] - eth_subscribe
[2022/05/23 12:27:02.056] - eth_getLogs
[2022/05/23 12:27:02.060] - eth_subscribe
[2022/05/23 12:27:02.061] - eth_getCode
[2022/05/23 12:27:02.067] - eth_getCode
[2022/05/23 12:27:02.122] - eth_getCode
[2022/05/23 12:27:02.131] - eth_getCode
[2022/05/23 12:27:02.512] - eth_blockNumber
[2022/05/23 12:27:02.513] - eth_accounts
[2022/05/23 12:27:02.514] - eth_gasPrice
[2022/05/23 12:27:02.515] - eth_getBlockByNumber
[2022/05/23 12:27:02.516] - eth_blockNumber
[2022/05/23 12:27:02.518] - eth_subscribe
[2022/05/23 12:27:02.519] - eth_accounts
[2022/05/23 12:27:02.520] - eth_gasPrice
[2022/05/23 12:27:02.522] - eth_getBlockByNumber
[2022/05/23 12:27:02.523] - eth_subscribe
[2022/05/23 12:27:02.688] - eth_getBalance
[2022/05/23 12:27:02.701] - eth_getTransactionCount
[2022/05/23 12:27:02.716] - eth_getBalance
[2022/05/23 12:27:02.722] - eth_getTransactionCount
[2022/05/23 12:27:02.736] - eth_getBalance
[2022/05/23 12:27:02.743] - eth_getTransactionCount
[2022/05/23 12:27:02.751] - eth_getBalance
[2022/05/23 12:27:02.769] - eth_getTransactionCount
[2022/05/23 12:27:02.778] - eth_getBalance
[2022/05/23 12:27:02.786] - eth_getTransactionCount
[2022/05/23 12:27:02.796] - eth_getBalance
[2022/05/23 12:27:02.802] - eth_getTransactionCount
[2022/05/23 12:27:02.809] - eth_getBalance
[2022/05/23 12:27:02.815] - eth_getTransactionCount
[2022/05/23 12:27:02.830] - eth_getBalance
[2022/05/23 12:27:02.843] - eth_getTransactionCount
[2022/05/23 12:27:02.849] - eth_getBalance
[2022/05/23 12:27:02.856] - eth_getTransactionCount
[2022/05/23 12:27:02.864] - eth_getBalance
[2022/05/23 12:27:02.871] - eth_getTransactionCount
[2022/05/23 12:27:02.876] - eth_getBalance
[2022/05/23 12:27:02.885] - eth_getTransactionCount
[2022/05/23 12:27:02.890] - eth_getBalance
[2022/05/23 12:27:02.895] - eth_getTransactionCount
[2022/05/23 12:27:02.906] - eth_getBalance
[2022/05/23 12:27:02.911] - eth_getTransactionCount
[2022/05/23 12:27:02.918] - eth_getBalance
[2022/05/23 12:27:02.927] - eth_getTransactionCount
[2022/05/23 12:27:02.935] - eth_getBalance
[2022/05/23 12:27:02.942] - eth_getTransactionCount
[2022/05/23 12:27:02.955] - eth_getBalance
[2022/05/23 12:27:02.963] - eth_getTransactionCount
[2022/05/23 12:27:02.972] - eth_getBalance
[2022/05/23 12:27:02.986] - eth_getTransactionCount
[2022/05/23 12:27:03.000] - eth_getBalance
[2022/05/23 12:27:03.016] - eth_getTransactionCount
[2022/05/23 12:27:03.031] - eth_getBalance
[2022/05/23 12:27:03.046] - eth_getTransactionCount
[2022/05/23 12:27:03.066] - eth_getBalance
[2022/05/23 12:27:03.082] - eth_getTransactionCount
[2022/05/23 12:27:03.093] - eth_getBalance
[2022/05/23 12:27:03.099] - eth_getTransactionCount
[2022/05/23 12:27:03.122] - eth_getBalance
[2022/05/23 12:27:03.129] - eth_getTransactionCount
[2022/05/23 12:27:03.140] - eth_getBalance
[2022/05/23 12:27:03.153] - eth_getTransactionCount
[2022/05/23 12:27:03.160] - eth_getBalance
[2022/05/23 12:27:03.171] - eth_getTransactionCount
[2022/05/23 12:27:03.176] - eth_getBalance
[2022/05/23 12:27:03.191] - eth_getTransactionCount
[2022/05/23 12:27:03.198] - eth_getBalance
[2022/05/23 12:27:03.208] - eth_getTransactionCount
[2022/05/23 12:27:03.224] - eth_getBalance
[2022/05/23 12:27:03.265] - eth_getTransactionCount
[2022/05/23 12:27:03.266] - eth_getBalance
[2022/05/23 12:27:03.267] - eth_getTransactionCount
[2022/05/23 12:27:03.284] - eth_getBalance
[2022/05/23 12:27:03.297] - eth_getTransactionCount
[2022/05/23 12:27:03.311] - eth_getBalance
[2022/05/23 12:27:03.317] - eth_getTransactionCount
[2022/05/23 12:27:03.330] - eth_getBalance
[2022/05/23 12:27:03.334] - eth_getTransactionCount
[2022/05/23 12:27:03.341] - eth_getBalance
[2022/05/23 12:27:03.350] - eth_getTransactionCount
[2022/05/23 12:27:03.357] - eth_getBalance
[2022/05/23 12:27:03.371] - eth_getTransactionCount
[2022/05/23 12:27:03.383] - eth_getBalance
[2022/05/23 12:27:03.396] - eth_getTransactionCount
[2022/05/23 12:27:03.411] - eth_getBalance
[2022/05/23 12:27:03.429] - eth_getTransactionCount
[2022/05/23 12:27:03.454] - eth_getBalance
[2022/05/23 12:27:03.472] - eth_getTransactionCount
[2022/05/23 12:27:03.494] - eth_getBalance
[2022/05/23 12:27:03.507] - eth_getTransactionCount
[2022/05/23 12:27:03.520] - eth_getBalance
[2022/05/23 12:27:03.535] - eth_getTransactionCount
[2022/05/23 12:27:03.560] - eth_getBalance
[2022/05/23 12:27:03.561] - eth_getTransactionCount
[2022/05/23 12:27:03.563] - eth_getBalance
[2022/05/23 12:27:03.582] - eth_getTransactionCount
[2022/05/23 12:27:40.111] - net_version
[2022/05/23 12:27:48.649] - eth_blockNumber
[2022/05/23 12:27:48.664] - eth_call
[2022/05/23 12:28:00.128] - eth_blockNumber
[2022/05/23 12:28:11.102] - eth_blockNumber
[2022/05/23 12:28:11.127] - eth_getBalance
[2022/05/23 12:28:11.134] - eth_getBalance
[2022/05/23 12:28:11.136] - eth_getBalance
[2022/05/23 12:28:11.142] - eth_getBalance
[2022/05/23 12:28:11.144] - eth_getBalance
[2022/05/23 12:28:11.150] - eth_getBalance
[2022/05/23 12:28:11.151] - eth_getBalance
[2022/05/23 12:28:11.152] - eth_getBalance
[2022/05/23 12:28:11.161] - eth_getBalance
[2022/05/23 12:28:11.169] - eth_getBalance
[2022/05/23 12:28:11.170] - eth_getBalance
[2022/05/23 12:28:11.304] - eth_getBalance
[2022/05/23 12:28:11.305] - eth_getBalance
[2022/05/23 12:28:11.307] - eth_getBalance
[2022/05/23 12:28:11.308] - eth_getBalance
[2022/05/23 12:28:11.337] - eth_blockNumber
[2022/05/23 12:28:11.786] - eth_gasPrice
[2022/05/23 12:28:17.871] - net_version
[2022/05/23 12:28:26.794] - eth_call
[2022/05/23 12:28:28.800] - eth_blockNumber
[2022/05/23 12:28:30.072] - eth_call
[2022/05/23 12:29:00.051] - net_version
[2022/05/23 12:29:21.955] - net_version
[2022/05/23 12:29:32.543] - eth_blockNumber
[2022/05/23 12:29:34.363] - eth_blockNumber
[2022/05/23 12:29:48.966] - net_version
[2022/05/23 12:29:51.352] - net_version
[2022/05/23 12:29:59.582] - eth_blockNumber
[2022/05/23 12:30:01.391] - eth_blockNumber
[2022/05/23 12:30:34.579] - net_version
[2022/05/23 12:30:39.830] - net_version
[2022/05/23 12:30:43.971] - net_version
[2022/05/23 12:30:45.379] - net_version
[2022/05/23 12:30:52.152] - eth_blockNumber
[2022/05/23 12:30:53.962] - eth_blockNumber
[2022/05/23 12:31:05.800] - net_version
[2022/05/23 12:31:07.546] - net_version
[2022/05/23 12:31:25.866] - eth_blockNumber
[2022/05/23 12:31:27.765] - eth_blockNumber
[2022/05/23 12:31:56.748] - net_version
[2022/05/23 12:32:07.663] - eth_blockNumber
[2022/05/23 12:32:09.779] - eth_blockNumber
[2022/05/23 12:35:14.279] - net_version
[2022/05/23 12:35:40.902] - net_version
[2022/05/23 12:37:03.385] - net_version
[2022/05/23 12:37:07.242] - net_version
[2022/05/23 12:37:27.907] - net_version
[2022/05/23 12:37:38.597] - net_version
[2022/05/23 12:37:55.265] - net_version
[2022/05/23 12:38:07.613] - net_version
[2022/05/23 12:38:11.909] - net_version
[2022/05/23 12:38:23.843] - net_version
[2022/05/23 12:38:27.239] - net_version
[2022/05/23 12:38:32.226] - net_version
[2022/05/23 12:38:39.349] - eth_blockNumber
[2022/05/23 12:38:41.579] - eth_blockNumber
[2022/05/23 12:39:00.577] - net_version
[2022/05/23 12:39:08.497] - net_version
[2022/05/23 12:39:26.364] - net_version
[2022/05/23 12:39:34.990] - eth_blockNumber
[2022/05/23 12:39:37.199] - eth_blockNumber
[2022/05/23 12:40:59.127] - eth_getBlockByNumber
[2022/05/23 12:40:59.163] - eth_getBlockTransactionCountByHash
[2022/05/23 12:40:59.192] - eth_getBlockByNumber
[2022/05/23 12:40:59.239] - eth_getBlockTransactionCountByHash
[2022/05/23 12:40:59.265] - eth_getBlockByNumber
[2022/05/23 12:40:59.315] - eth_getBlockTransactionCountByHash
[2022/05/23 12:40:59.349] - eth_getBlockByNumber
[2022/05/23 12:40:59.384] - eth_getBlockTransactionCountByHash
[2022/05/23 12:40:59.403] - eth_getBlockByNumber
[2022/05/23 12:40:59.442] - eth_getBlockTransactionCountByHash
[2022/05/23 12:40:59.474] - eth_getBlockByNumber
[2022/05/23 12:40:59.503] - eth_getBlockTransactionCountByHash
[2022/05/23 12:40:59.526] - eth_getBlockByNumber
[2022/05/23 12:40:59.573] - eth_getBlockTransactionCountByHash
[2022/05/23 12:40:59.587] - eth_getBlockByNumber
[2022/05/23 12:40:59.614] - eth_getBlockTransactionCountByHash
[2022/05/23 12:40:59.638] - eth_getBlockByNumber
[2022/05/23 12:40:59.662] - eth_getBlockTransactionCountByHash
[2022/05/23 12:40:59.684] - eth_getBlockByNumber
[2022/05/23 12:40:59.707] - eth_getBlockTransactionCountByHash
[2022/05/23 12:40:59.729] - eth_getBlockByNumber
[2022/05/23 12:40:59.755] - eth_getBlockTransactionCountByHash
[2022/05/23 12:40:59.778] - eth_getBlockByNumber
[2022/05/23 12:40:59.809] - eth_getBlockTransactionCountByHash
[2022/05/23 12:41:01.018] - eth_getBlockByNumber
[2022/05/23 12:41:01.049] - eth_getTransactionReceipt
[2022/05/23 12:41:01.097] - eth_getBlockByNumber
[2022/05/23 12:41:01.121] - eth_getTransactionReceipt
[2022/05/23 12:41:01.174] - eth_getBlockByNumber
[2022/05/23 12:41:01.193] - eth_getTransactionReceipt
[2022/05/23 12:41:01.242] - eth_getBlockByNumber
[2022/05/23 12:41:01.271] - eth_getTransactionReceipt
[2022/05/23 12:41:01.327] - eth_getBlockByNumber
[2022/05/23 12:41:01.347] - eth_getTransactionReceipt
[2022/05/23 12:41:01.382] - eth_getBlockByNumber
[2022/05/23 12:41:01.409] - eth_getTransactionReceipt
[2022/05/23 12:41:01.445] - eth_getBlockByNumber
[2022/05/23 12:41:01.476] - eth_getTransactionReceipt
[2022/05/23 12:41:01.531] - eth_getBlockByNumber
[2022/05/23 12:41:01.557] - eth_getTransactionReceipt
[2022/05/23 12:41:01.605] - eth_getBlockByNumber
[2022/05/23 12:41:01.627] - eth_getTransactionReceipt
[2022/05/23 12:41:01.667] - eth_getBlockByNumber
[2022/05/23 12:41:01.690] - eth_getTransactionReceipt
[2022/05/23 12:41:01.742] - eth_getBlockByNumber
[2022/05/23 12:41:01.773] - eth_getTransactionReceipt
[2022/05/23 12:41:03.472] - eth_getTransactionByHash
[2022/05/23 12:41:05.458] - eth_getLogs
[2022/05/23 12:41:07.554] - eth_unsubscribe
[2022/05/23 12:41:07.555] - eth_unsubscribe
