[2022/05/24 02:49:29.840] - Starting server with initial configuration: {"gasLimit":6721975,"gasPrice":20000000000,"hardfork":"muirGlacier","hostname":"127.0.0.1","port":7545,"network_id":5777,"default_balance_ether":100,"total_accounts":10,"unlocked_accounts":[],"locked":false,"vmErrorsOnRPCResponse":true,"verbose":false,"db_path":"C:\\Users\\PC\\AppData\\Roaming\\Ganache\\workspaces\\malicious-effect\\chaindata","logDirectory":"E:\\Đồ án tốt nghiệp\\blockchain-based-authentication-main\\Log"}
[2022/05/24 02:49:30.120] - eth_getCode
[2022/05/24 02:49:30.123] - eth_subscribe
[2022/05/24 02:49:30.124] - eth_getLogs
[2022/05/24 02:49:30.131] - eth_subscribe
[2022/05/24 02:49:30.257] - eth_getCode
[2022/05/24 02:49:30.264] - eth_getCode
[2022/05/24 02:49:30.265] - eth_subscribe
[2022/05/24 02:49:30.270] - eth_getLogs
[2022/05/24 02:49:30.276] - eth_subscribe
[2022/05/24 02:49:30.305] - eth_getCode
[2022/05/24 02:49:30.314] - eth_getCode
[2022/05/24 02:49:30.355] - eth_getCode
[2022/05/24 02:49:31.299] - eth_blockNumber
[2022/05/24 02:49:31.300] - eth_accounts
[2022/05/24 02:49:31.301] - eth_gasPrice
[2022/05/24 02:49:31.301] - eth_getBlockByNumber
[2022/05/24 02:49:31.302] - eth_subscribe
[2022/05/24 02:49:31.303] - eth_blockNumber
[2022/05/24 02:49:31.303] - eth_accounts
[2022/05/24 02:49:31.304] - eth_gasPrice
[2022/05/24 02:49:31.305] - eth_getBlockByNumber
[2022/05/24 02:49:31.306] - eth_subscribe
[2022/05/24 02:49:31.329] - eth_accounts
[2022/05/24 02:49:31.407] - eth_getBalance
[2022/05/24 02:49:31.421] - eth_getTransactionCount
[2022/05/24 02:49:31.428] - eth_getBalance
[2022/05/24 02:49:31.439] - eth_getTransactionCount
[2022/05/24 02:49:31.449] - eth_getBalance
[2022/05/24 02:49:31.464] - eth_getTransactionCount
[2022/05/24 02:49:31.471] - eth_getBalance
[2022/05/24 02:49:31.476] - eth_getTransactionCount
[2022/05/24 02:49:31.496] - eth_getBalance
[2022/05/24 02:49:31.511] - eth_getTransactionCount
[2022/05/24 02:49:31.523] - eth_getBalance
[2022/05/24 02:49:31.534] - eth_getTransactionCount
[2022/05/24 02:49:31.540] - eth_getBalance
[2022/05/24 02:49:31.552] - eth_getTransactionCount
[2022/05/24 02:49:31.567] - eth_getBalance
[2022/05/24 02:49:31.583] - eth_getTransactionCount
[2022/05/24 02:49:31.593] - eth_getBalance
[2022/05/24 02:49:31.613] - eth_getTransactionCount
[2022/05/24 02:49:31.629] - eth_getBalance
[2022/05/24 02:49:31.648] - eth_getTransactionCount
[2022/05/24 02:49:31.773] - eth_getBalance
[2022/05/24 02:49:31.782] - eth_getTransactionCount
[2022/05/24 02:49:31.790] - eth_getBalance
[2022/05/24 02:49:31.796] - eth_getTransactionCount
[2022/05/24 02:49:31.804] - eth_getBalance
[2022/05/24 02:49:31.814] - eth_getTransactionCount
[2022/05/24 02:49:31.820] - eth_getBalance
[2022/05/24 02:49:31.826] - eth_getTransactionCount
[2022/05/24 02:49:31.833] - eth_getBalance
[2022/05/24 02:49:31.840] - eth_getTransactionCount
[2022/05/24 02:49:31.847] - eth_getBalance
[2022/05/24 02:49:31.855] - eth_getTransactionCount
[2022/05/24 02:49:31.860] - eth_getBalance
[2022/05/24 02:49:31.868] - eth_getTransactionCount
[2022/05/24 02:49:31.875] - eth_getBalance
[2022/05/24 02:49:31.886] - eth_getTransactionCount
[2022/05/24 02:49:31.892] - eth_getBalance
[2022/05/24 02:49:31.898] - eth_getTransactionCount
[2022/05/24 02:49:31.904] - eth_getBalance
[2022/05/24 02:49:31.916] - eth_getTransactionCount
[2022/05/24 02:49:31.942] - eth_getBalance
[2022/05/24 02:49:31.956] - eth_getTransactionCount
[2022/05/24 02:49:31.963] - eth_getBalance
[2022/05/24 02:49:31.972] - eth_getTransactionCount
[2022/05/24 02:49:31.983] - eth_getBalance
[2022/05/24 02:49:31.989] - eth_getTransactionCount
[2022/05/24 02:49:32.004] - eth_getBalance
[2022/05/24 02:49:32.015] - eth_getTransactionCount
[2022/05/24 02:49:32.031] - eth_getBalance
[2022/05/24 02:49:32.045] - eth_getTransactionCount
[2022/05/24 02:49:32.054] - eth_getBalance
[2022/05/24 02:49:32.063] - eth_getTransactionCount
[2022/05/24 02:49:32.081] - eth_getBalance
[2022/05/24 02:49:32.115] - eth_getTransactionCount
[2022/05/24 02:49:32.116] - eth_getBalance
[2022/05/24 02:49:32.116] - eth_getTransactionCount
[2022/05/24 02:49:32.131] - eth_getBalance
[2022/05/24 02:49:32.145] - eth_getTransactionCount
[2022/05/24 02:49:32.157] - eth_getBalance
[2022/05/24 02:49:32.166] - eth_getTransactionCount
[2022/05/24 02:49:32.285] - eth_getTransactionCount
[2022/05/24 02:49:32.294] - eth_getBalance
[2022/05/24 02:49:32.304] - eth_getTransactionCount
[2022/05/24 02:49:32.312] - eth_getBalance
[2022/05/24 02:49:32.318] - eth_getTransactionCount
[2022/05/24 02:49:32.325] - eth_getBalance
[2022/05/24 02:49:32.333] - eth_getTransactionCount
[2022/05/24 02:49:32.340] - eth_getBalance
[2022/05/24 02:49:32.348] - eth_getTransactionCount
[2022/05/24 02:49:32.360] - eth_getBalance
[2022/05/24 02:49:32.362] - eth_getTransactionCount
[2022/05/24 02:49:32.370] - eth_getBalance
[2022/05/24 02:49:32.376] - eth_getTransactionCount
[2022/05/24 02:49:32.383] - eth_getBalance
[2022/05/24 02:49:32.389] - eth_getTransactionCount
[2022/05/24 02:49:32.396] - eth_getBalance
[2022/05/24 02:49:32.417] - eth_getTransactionCount
[2022/05/24 02:51:42.757] - eth_unsubscribe
[2022/05/24 02:51:42.758] - eth_unsubscribe
