[2022/05/21 12:21:08.646] - Starting server with initial configuration: {"gasLimit":6721975,"gasPrice":20000000000,"hardfork":"muirGlacier","hostname":"127.0.0.1","port":7545,"network_id":5777,"default_balance_ether":100,"total_accounts":10,"unlocked_accounts":[],"locked":false,"vmErrorsOnRPCResponse":true,"verbose":false,"db_path":"C:\\Users\\PC\\AppData\\Roaming\\Ganache\\workspaces\\malicious-effect\\chaindata","logDirectory":"E:\\Đồ án tốt nghiệp\\blockchain-based-authentication-main\\Log"}
[2022/05/21 12:21:08.809] - eth_getCode
[2022/05/21 12:21:08.811] - eth_subscribe
[2022/05/21 12:21:08.812] - eth_getLogs
[2022/05/21 12:21:08.816] - eth_subscribe
[2022/05/21 12:21:08.828] - eth_getCode
[2022/05/21 12:21:08.895] - eth_getCode
[2022/05/21 12:21:08.962] - eth_getCode
[2022/05/21 12:21:08.963] - eth_subscribe
[2022/05/21 12:21:08.964] - eth_getLogs
[2022/05/21 12:21:08.968] - eth_subscribe
[2022/05/21 12:21:08.970] - eth_getCode
[2022/05/21 12:21:09.172] - eth_blockNumber
[2022/05/21 12:21:09.174] - eth_accounts
[2022/05/21 12:21:09.176] - eth_gasPrice
[2022/05/21 12:21:09.179] - eth_blockNumber
[2022/05/21 12:21:09.180] - eth_getBlockByNumber
[2022/05/21 12:21:09.180] - eth_accounts
[2022/05/21 12:21:09.181] - eth_subscribe
[2022/05/21 12:21:09.181] - eth_gasPrice
[2022/05/21 12:21:09.182] - eth_getBlockByNumber
[2022/05/21 12:21:09.182] - eth_subscribe
[2022/05/21 12:21:09.212] - eth_accounts
[2022/05/21 12:21:09.263] - eth_getBalance
[2022/05/21 12:21:09.271] - eth_getTransactionCount
[2022/05/21 12:21:09.278] - eth_getBalance
[2022/05/21 12:21:09.286] - eth_getTransactionCount
[2022/05/21 12:21:09.299] - eth_getBalance
[2022/05/21 12:21:09.311] - eth_getTransactionCount
[2022/05/21 12:21:09.320] - eth_getBalance
[2022/05/21 12:21:09.329] - eth_getTransactionCount
[2022/05/21 12:21:09.336] - eth_getBalance
[2022/05/21 12:21:09.344] - eth_getTransactionCount
[2022/05/21 12:21:09.352] - eth_getBalance
[2022/05/21 12:21:09.359] - eth_getTransactionCount
[2022/05/21 12:21:09.370] - eth_getBalance
[2022/05/21 12:21:09.370] - eth_getTransactionCount
[2022/05/21 12:21:09.380] - eth_getBalance
[2022/05/21 12:21:09.386] - eth_getTransactionCount
[2022/05/21 12:21:09.392] - eth_getBalance
[2022/05/21 12:21:09.398] - eth_getTransactionCount
[2022/05/21 12:21:09.402] - eth_getBalance
[2022/05/21 12:21:09.409] - eth_getTransactionCount
[2022/05/21 12:21:09.487] - eth_getBalance
[2022/05/21 12:21:09.494] - eth_getTransactionCount
[2022/05/21 12:21:09.503] - eth_getBalance
[2022/05/21 12:21:09.512] - eth_getTransactionCount
[2022/05/21 12:21:09.520] - eth_getBalance
[2022/05/21 12:21:09.526] - eth_getTransactionCount
[2022/05/21 12:21:09.533] - eth_getBalance
[2022/05/21 12:21:09.540] - eth_getTransactionCount
[2022/05/21 12:21:09.548] - eth_getBalance
[2022/05/21 12:21:09.554] - eth_getTransactionCount
[2022/05/21 12:21:09.561] - eth_getBalance
[2022/05/21 12:21:09.567] - eth_getTransactionCount
[2022/05/21 12:21:09.576] - eth_getBalance
[2022/05/21 12:21:09.582] - eth_getTransactionCount
[2022/05/21 12:21:09.588] - eth_getBalance
[2022/05/21 12:21:09.596] - eth_getTransactionCount
[2022/05/21 12:21:09.601] - eth_getBalance
[2022/05/21 12:21:09.610] - eth_getTransactionCount
[2022/05/21 12:21:09.626] - eth_getBalance
[2022/05/21 12:21:09.631] - eth_getTransactionCount
[2022/05/21 12:21:09.635] - eth_getBalance
[2022/05/21 12:21:09.644] - eth_getTransactionCount
[2022/05/21 12:21:09.654] - eth_getBalance
[2022/05/21 12:21:09.660] - eth_getTransactionCount
[2022/05/21 12:21:09.667] - eth_getBalance
[2022/05/21 12:21:09.673] - eth_getTransactionCount
[2022/05/21 12:21:09.680] - eth_getBalance
[2022/05/21 12:21:09.686] - eth_getTransactionCount
[2022/05/21 12:21:09.691] - eth_getBalance
[2022/05/21 12:21:09.697] - eth_getTransactionCount
[2022/05/21 12:21:09.702] - eth_getBalance
[2022/05/21 12:21:09.707] - eth_getTransactionCount
[2022/05/21 12:21:09.716] - eth_getBalance
[2022/05/21 12:21:09.721] - eth_getTransactionCount
[2022/05/21 12:21:09.728] - eth_getBalance
[2022/05/21 12:21:09.734] - eth_getTransactionCount
[2022/05/21 12:21:09.741] - eth_getBalance
[2022/05/21 12:21:09.748] - eth_getTransactionCount
[2022/05/21 12:21:09.753] - eth_getBalance
[2022/05/21 12:21:09.760] - eth_getTransactionCount
[2022/05/21 12:21:09.858] - eth_getTransactionCount
[2022/05/21 12:21:09.863] - eth_getBalance
[2022/05/21 12:21:09.870] - eth_getTransactionCount
[2022/05/21 12:21:09.875] - eth_getBalance
[2022/05/21 12:21:09.882] - eth_getTransactionCount
[2022/05/21 12:21:09.888] - eth_getBalance
[2022/05/21 12:21:09.895] - eth_getTransactionCount
[2022/05/21 12:21:09.902] - eth_getBalance
[2022/05/21 12:21:09.910] - eth_getTransactionCount
[2022/05/21 12:21:09.915] - eth_getBalance
[2022/05/21 12:21:09.921] - eth_getTransactionCount
[2022/05/21 12:21:09.931] - eth_getBalance
[2022/05/21 12:21:09.938] - eth_getTransactionCount
[2022/05/21 12:21:09.945] - eth_getBalance
[2022/05/21 12:21:09.953] - eth_getTransactionCount
[2022/05/21 12:21:09.962] - eth_getBalance
[2022/05/21 12:21:09.969] - eth_getTransactionCount
[2022/05/21 12:21:11.586] - eth_getBlockByNumber
[2022/05/21 12:21:11.612] - eth_getBlockTransactionCountByHash
[2022/05/21 12:21:11.631] - eth_getBlockByNumber
[2022/05/21 12:21:11.660] - eth_getBlockTransactionCountByHash
[2022/05/21 12:21:11.680] - eth_getBlockByNumber
[2022/05/21 12:21:11.711] - eth_getBlockTransactionCountByHash
[2022/05/21 12:21:11.738] - eth_getBlockByNumber
[2022/05/21 12:21:11.759] - eth_getBlockTransactionCountByHash
[2022/05/21 12:21:11.781] - eth_getBlockByNumber
[2022/05/21 12:21:11.812] - eth_getBlockTransactionCountByHash
[2022/05/21 12:21:11.834] - eth_getBlockByNumber
[2022/05/21 12:21:11.865] - eth_getBlockTransactionCountByHash
[2022/05/21 12:21:12.660] - eth_getBlockByNumber
[2022/05/21 12:21:12.690] - eth_getTransactionReceipt
[2022/05/21 12:21:12.731] - eth_getBlockByNumber
[2022/05/21 12:21:12.753] - eth_getTransactionReceipt
[2022/05/21 12:21:12.788] - eth_getBlockByNumber
[2022/05/21 12:21:12.812] - eth_getTransactionReceipt
[2022/05/21 12:21:12.849] - eth_getBlockByNumber
[2022/05/21 12:21:12.882] - eth_getTransactionReceipt
[2022/05/21 12:21:12.919] - eth_getBlockByNumber
[2022/05/21 12:21:12.952] - eth_getTransactionReceipt
[2022/05/21 12:21:12.992] - eth_getBlockByNumber
[2022/05/21 12:21:24.455] - eth_unsubscribe
[2022/05/21 12:21:24.456] - eth_unsubscribe
